<?xml version="1.0" encoding="UTF-8"?>
<robot generator="Robot 7.0 (Python 3.8.10 on linux)" generated="2024-05-24T19:16:36.905261" rpa="false" schemaversion="5">
<suite id="s1" name="Loginpage &amp; Productpage &amp; Checkoutpage &amp; Cartpage">
<suite id="s1-s1" name="Loginpage" source="/home/sagar/Downloads/testbuild/BillerAutomation/biller-connect-test/DemoProject/TestSuits/Loginpage.robot">
<test id="s1-s1-t1" name="Verify user successful login" line="8">
<kw name="Open the Browser with URL" owner="Resource">
<kw name="Create Webdriver" owner="SeleniumLibrary">
<msg time="2024-05-24T19:16:37.048371" level="INFO">Creating an instance of the Chrome WebDriver.</msg>
<arg>${browser_name}</arg>
<arg>../Drivers/chromedriver</arg>
<doc>Creates an instance of Selenium WebDriver.</doc>
<status status="PASS" start="2024-05-24T19:16:37.048106" elapsed="0.577160"/>
</kw>
<kw name="Go To" owner="SeleniumLibrary">
<msg time="2024-05-24T19:16:37.626152" level="INFO">Opening url 'https://www.saucedemo.com/'</msg>
<arg>${base_url}</arg>
<doc>Navigates the current browser window to the provided ``url``.</doc>
<status status="PASS" start="2024-05-24T19:16:37.625786" elapsed="1.354491"/>
</kw>
<kw name="Maximize Browser Window" owner="SeleniumLibrary">
<doc>Maximizes current browser window.</doc>
<status status="PASS" start="2024-05-24T19:16:38.980810" elapsed="0.031981"/>
</kw>
<status status="PASS" start="2024-05-24T19:16:37.047165" elapsed="1.966083"/>
</kw>
<kw name="Fill the login form" owner="Resource">
<kw name="Input Text" owner="SeleniumLibrary">
<msg time="2024-05-24T19:16:39.016349" level="INFO">Typing text 'standard_user' into text field '//*[@id="user-name"]'.</msg>
<arg>${username_text}</arg>
<arg>${username}</arg>
<doc>Types the given ``text`` into the text field identified by ``locator``.</doc>
<status status="PASS" start="2024-05-24T19:16:39.015225" elapsed="0.119665"/>
</kw>
<kw name="Input Text" owner="SeleniumLibrary">
<msg time="2024-05-24T19:16:39.135618" level="INFO">Typing text 'secret_sauce' into text field '//*[@id="password"]'.</msg>
<arg>${password_text}</arg>
<arg>${password}</arg>
<doc>Types the given ``text`` into the text field identified by ``locator``.</doc>
<status status="PASS" start="2024-05-24T19:16:39.135196" elapsed="0.072241"/>
</kw>
<kw name="Click Button" owner="SeleniumLibrary">
<msg time="2024-05-24T19:16:39.208043" level="INFO">Clicking button '//*[@id="login-button"]'.</msg>
<arg>${login_button}</arg>
<doc>Clicks the button identified by ``locator``.</doc>
<status status="PASS" start="2024-05-24T19:16:39.207733" elapsed="0.573359"/>
</kw>
<arg>${valid_username}</arg>
<arg>${valid_password}</arg>
<status status="PASS" start="2024-05-24T19:16:39.014025" elapsed="0.767523"/>
</kw>
<kw name="Verify inventory page opens" owner="Resource">
<kw name="Wait Until Location Contains" owner="SeleniumLibrary">
<arg>${inventory_url}</arg>
<doc>Waits until the current URL contains ``expected``.</doc>
<status status="PASS" start="2024-05-24T19:16:39.783589" elapsed="0.013553"/>
</kw>
<status status="PASS" start="2024-05-24T19:16:39.782415" elapsed="0.015152"/>
</kw>
<kw name="Click on logout" owner="Resource">
<kw name="Click Element" owner="SeleniumLibrary">
<msg time="2024-05-24T19:16:39.800303" level="INFO">Clicking element '//*[@id="react-burger-menu-btn"]'.</msg>
<arg>${burger_button}</arg>
<doc>Click the element identified by ``locator``.</doc>
<status status="PASS" start="2024-05-24T19:16:39.799556" elapsed="0.056908"/>
</kw>
<kw name="Wait Until Element Is Visible" owner="SeleniumLibrary">
<arg>${logout_button}</arg>
<doc>Waits until the element ``locator`` is visible.</doc>
<status status="PASS" start="2024-05-24T19:16:39.856813" elapsed="0.251683"/>
</kw>
<kw name="Click Element" owner="SeleniumLibrary">
<msg time="2024-05-24T19:16:40.109138" level="INFO">Clicking element '//*[@id="logout_sidebar_link"]'.</msg>
<arg>${logout_button}</arg>
<doc>Click the element identified by ``locator``.</doc>
<status status="PASS" start="2024-05-24T19:16:40.108800" elapsed="0.034985"/>
</kw>
<status status="PASS" start="2024-05-24T19:16:39.798340" elapsed="0.345605"/>
</kw>
<kw name="Close Browser Session" owner="Resource">
<kw name="Close Browser" owner="SeleniumLibrary">
<doc>Closes the current browser.</doc>
<status status="PASS" start="2024-05-24T19:16:40.144701" elapsed="0.536631"/>
</kw>
<status status="PASS" start="2024-05-24T19:16:40.144314" elapsed="0.537350"/>
</kw>
<doc>This test case is to Validate successful Login</doc>
<status status="PASS" start="2024-05-24T19:16:37.046308" elapsed="3.635868"/>
</test>
<test id="s1-s1-t2" name="Verify user login with invalid password" line="16">
<kw name="Login with invalid user" owner="Resource">
<kw name="Open the Browser with URL" owner="Resource">
<kw name="Create Webdriver" owner="SeleniumLibrary">
<msg time="2024-05-24T19:16:40.687798" level="INFO">Creating an instance of the Chrome WebDriver.</msg>
<arg>${browser_name}</arg>
<arg>../Drivers/chromedriver</arg>
<doc>Creates an instance of Selenium WebDriver.</doc>
<status status="PASS" start="2024-05-24T19:16:40.687115" elapsed="0.614553"/>
</kw>
<kw name="Go To" owner="SeleniumLibrary">
<msg time="2024-05-24T19:16:41.303755" level="INFO">Opening url 'https://www.saucedemo.com/'</msg>
<arg>${base_url}</arg>
<doc>Navigates the current browser window to the provided ``url``.</doc>
<status status="PASS" start="2024-05-24T19:16:41.302490" elapsed="1.559276"/>
</kw>
<kw name="Maximize Browser Window" owner="SeleniumLibrary">
<doc>Maximizes current browser window.</doc>
<status status="PASS" start="2024-05-24T19:16:42.862051" elapsed="0.017998"/>
</kw>
<status status="PASS" start="2024-05-24T19:16:40.686103" elapsed="2.194199"/>
</kw>
<kw name="Fill the login form" owner="Resource">
<kw name="Input Text" owner="SeleniumLibrary">
<msg time="2024-05-24T19:16:42.882363" level="INFO">Typing text 'standard_user' into text field '//*[@id="user-name"]'.</msg>
<arg>${username_text}</arg>
<arg>${username}</arg>
<doc>Types the given ``text`` into the text field identified by ``locator``.</doc>
<status status="PASS" start="2024-05-24T19:16:42.881692" elapsed="0.103320"/>
</kw>
<kw name="Input Text" owner="SeleniumLibrary">
<msg time="2024-05-24T19:16:42.985758" level="INFO">Typing text 'invalidPassword' into text field '//*[@id="password"]'.</msg>
<arg>${password_text}</arg>
<arg>${password}</arg>
<doc>Types the given ``text`` into the text field identified by ``locator``.</doc>
<status status="PASS" start="2024-05-24T19:16:42.985344" elapsed="0.071824"/>
</kw>
<kw name="Click Button" owner="SeleniumLibrary">
<msg time="2024-05-24T19:16:43.057845" level="INFO">Clicking button '//*[@id="login-button"]'.</msg>
<arg>${login_button}</arg>
<doc>Clicks the button identified by ``locator``.</doc>
<status status="PASS" start="2024-05-24T19:16:43.057509" elapsed="0.058569"/>
</kw>
<arg>${username}</arg>
<arg>${password}</arg>
<status status="PASS" start="2024-05-24T19:16:42.880717" elapsed="0.235524"/>
</kw>
<kw name="Get Text" owner="SeleniumLibrary">
<msg time="2024-05-24T19:16:43.141517" level="INFO">${expected_error_message} = Epic sadface: Username and password do not match any user in this service</msg>
<var>${expected_error_message}</var>
<arg>${login_error_message}</arg>
<doc>Returns the text value of the element identified by ``locator``.</doc>
<status status="PASS" start="2024-05-24T19:16:43.116456" elapsed="0.025131"/>
</kw>
<kw name="Should Be Equal As Strings" owner="BuiltIn">
<arg>${expected_error_message}</arg>
<arg>${error_message}</arg>
<doc>Fails if objects are unequal after converting them to strings.</doc>
<status status="PASS" start="2024-05-24T19:16:43.141888" elapsed="0.000408"/>
</kw>
<kw name="Close Browser Session" owner="Resource">
<kw name="Close Browser" owner="SeleniumLibrary">
<doc>Closes the current browser.</doc>
<status status="PASS" start="2024-05-24T19:16:43.142896" elapsed="0.133163"/>
</kw>
<status status="PASS" start="2024-05-24T19:16:43.142543" elapsed="0.133966"/>
</kw>
<arg>${valid_username}</arg>
<arg>${invalid_password}</arg>
<arg>${error_message}</arg>
<status status="PASS" start="2024-05-24T19:16:40.684391" elapsed="2.592368"/>
</kw>
<doc>This test case is to Validate user Login with invalid password</doc>
<status status="PASS" start="2024-05-24T19:16:40.682920" elapsed="2.594747"/>
</test>
<test id="s1-s1-t3" name="Verify user login with invalid username" line="20">
<kw name="Login with invalid user" owner="Resource">
<kw name="Open the Browser with URL" owner="Resource">
<kw name="Create Webdriver" owner="SeleniumLibrary">
<msg time="2024-05-24T19:16:43.282409" level="INFO">Creating an instance of the Chrome WebDriver.</msg>
<arg>${browser_name}</arg>
<arg>../Drivers/chromedriver</arg>
<doc>Creates an instance of Selenium WebDriver.</doc>
<status status="PASS" start="2024-05-24T19:16:43.281988" elapsed="0.615147"/>
</kw>
<kw name="Go To" owner="SeleniumLibrary">
<msg time="2024-05-24T19:16:43.898100" level="INFO">Opening url 'https://www.saucedemo.com/'</msg>
<arg>${base_url}</arg>
<doc>Navigates the current browser window to the provided ``url``.</doc>
<status status="PASS" start="2024-05-24T19:16:43.897702" elapsed="1.863330"/>
</kw>
<kw name="Maximize Browser Window" owner="SeleniumLibrary">
<doc>Maximizes current browser window.</doc>
<status status="PASS" start="2024-05-24T19:16:45.761620" elapsed="0.029235"/>
</kw>
<status status="PASS" start="2024-05-24T19:16:43.281399" elapsed="2.509990"/>
</kw>
<kw name="Fill the login form" owner="Resource">
<kw name="Input Text" owner="SeleniumLibrary">
<msg time="2024-05-24T19:16:45.795163" level="INFO">Typing text 'invalidUserName' into text field '//*[@id="user-name"]'.</msg>
<arg>${username_text}</arg>
<arg>${username}</arg>
<doc>Types the given ``text`` into the text field identified by ``locator``.</doc>
<status status="PASS" start="2024-05-24T19:16:45.794032" elapsed="0.120804"/>
</kw>
<kw name="Input Text" owner="SeleniumLibrary">
<msg time="2024-05-24T19:16:45.915495" level="INFO">Typing text 'secret_sauce' into text field '//*[@id="password"]'.</msg>
<arg>${password_text}</arg>
<arg>${password}</arg>
<doc>Types the given ``text`` into the text field identified by ``locator``.</doc>
<status status="PASS" start="2024-05-24T19:16:45.915140" elapsed="0.067036"/>
</kw>
<kw name="Click Button" owner="SeleniumLibrary">
<msg time="2024-05-24T19:16:45.982752" level="INFO">Clicking button '//*[@id="login-button"]'.</msg>
<arg>${login_button}</arg>
<doc>Clicks the button identified by ``locator``.</doc>
<status status="PASS" start="2024-05-24T19:16:45.982433" elapsed="0.060920"/>
</kw>
<arg>${username}</arg>
<arg>${password}</arg>
<status status="PASS" start="2024-05-24T19:16:45.792278" elapsed="0.251358"/>
</kw>
<kw name="Get Text" owner="SeleniumLibrary">
<msg time="2024-05-24T19:16:46.066801" level="INFO">${expected_error_message} = Epic sadface: Username and password do not match any user in this service</msg>
<var>${expected_error_message}</var>
<arg>${login_error_message}</arg>
<doc>Returns the text value of the element identified by ``locator``.</doc>
<status status="PASS" start="2024-05-24T19:16:46.043988" elapsed="0.022874"/>
</kw>
<kw name="Should Be Equal As Strings" owner="BuiltIn">
<arg>${expected_error_message}</arg>
<arg>${error_message}</arg>
<doc>Fails if objects are unequal after converting them to strings.</doc>
<status status="PASS" start="2024-05-24T19:16:46.067132" elapsed="0.000351"/>
</kw>
<kw name="Close Browser Session" owner="Resource">
<kw name="Close Browser" owner="SeleniumLibrary">
<doc>Closes the current browser.</doc>
<status status="PASS" start="2024-05-24T19:16:46.068031" elapsed="0.076361"/>
</kw>
<status status="PASS" start="2024-05-24T19:16:46.067714" elapsed="0.077128"/>
</kw>
<arg>${invalid_username}</arg>
<arg>${valid_password}</arg>
<arg>${error_message}</arg>
<status status="PASS" start="2024-05-24T19:16:43.280287" elapsed="2.864827"/>
</kw>
<doc>This test case is to Validate user Login with invalid username</doc>
<status status="PASS" start="2024-05-24T19:16:43.278653" elapsed="2.867196"/>
</test>
<test id="s1-s1-t4" name="Verify user login with invalid username and invalid password" line="24">
<kw name="Login with invalid user" owner="Resource">
<kw name="Open the Browser with URL" owner="Resource">
<kw name="Create Webdriver" owner="SeleniumLibrary">
<msg time="2024-05-24T19:16:46.152231" level="INFO">Creating an instance of the Chrome WebDriver.</msg>
<arg>${browser_name}</arg>
<arg>../Drivers/chromedriver</arg>
<doc>Creates an instance of Selenium WebDriver.</doc>
<status status="PASS" start="2024-05-24T19:16:46.151534" elapsed="0.667807"/>
</kw>
<kw name="Go To" owner="SeleniumLibrary">
<msg time="2024-05-24T19:16:46.820286" level="INFO">Opening url 'https://www.saucedemo.com/'</msg>
<arg>${base_url}</arg>
<doc>Navigates the current browser window to the provided ``url``.</doc>
<status status="PASS" start="2024-05-24T19:16:46.819827" elapsed="1.630463"/>
</kw>
<kw name="Maximize Browser Window" owner="SeleniumLibrary">
<doc>Maximizes current browser window.</doc>
<status status="PASS" start="2024-05-24T19:16:48.451075" elapsed="0.039060"/>
</kw>
<status status="PASS" start="2024-05-24T19:16:46.150075" elapsed="2.340803"/>
</kw>
<kw name="Fill the login form" owner="Resource">
<kw name="Input Text" owner="SeleniumLibrary">
<msg time="2024-05-24T19:16:48.494343" level="INFO">Typing text 'invalidUserName' into text field '//*[@id="user-name"]'.</msg>
<arg>${username_text}</arg>
<arg>${username}</arg>
<doc>Types the given ``text`` into the text field identified by ``locator``.</doc>
<status status="PASS" start="2024-05-24T19:16:48.493315" elapsed="0.119905"/>
</kw>
<kw name="Input Text" owner="SeleniumLibrary">
<msg time="2024-05-24T19:16:48.613917" level="INFO">Typing text 'invalidPassword' into text field '//*[@id="password"]'.</msg>
<arg>${password_text}</arg>
<arg>${password}</arg>
<doc>Types the given ``text`` into the text field identified by ``locator``.</doc>
<status status="PASS" start="2024-05-24T19:16:48.613520" elapsed="0.074118"/>
</kw>
<kw name="Click Button" owner="SeleniumLibrary">
<msg time="2024-05-24T19:16:48.688498" level="INFO">Clicking button '//*[@id="login-button"]'.</msg>
<arg>${login_button}</arg>
<doc>Clicks the button identified by ``locator``.</doc>
<status status="PASS" start="2024-05-24T19:16:48.688043" elapsed="0.060630"/>
</kw>
<arg>${username}</arg>
<arg>${password}</arg>
<status status="PASS" start="2024-05-24T19:16:48.491788" elapsed="0.257128"/>
</kw>
<kw name="Get Text" owner="SeleniumLibrary">
<msg time="2024-05-24T19:16:48.771174" level="INFO">${expected_error_message} = Epic sadface: Username and password do not match any user in this service</msg>
<var>${expected_error_message}</var>
<arg>${login_error_message}</arg>
<doc>Returns the text value of the element identified by ``locator``.</doc>
<status status="PASS" start="2024-05-24T19:16:48.749189" elapsed="0.022059"/>
</kw>
<kw name="Should Be Equal As Strings" owner="BuiltIn">
<arg>${expected_error_message}</arg>
<arg>${error_message}</arg>
<doc>Fails if objects are unequal after converting them to strings.</doc>
<status status="PASS" start="2024-05-24T19:16:48.771531" elapsed="0.000381"/>
</kw>
<kw name="Close Browser Session" owner="Resource">
<kw name="Close Browser" owner="SeleniumLibrary">
<doc>Closes the current browser.</doc>
<status status="PASS" start="2024-05-24T19:16:48.772570" elapsed="0.135248"/>
</kw>
<status status="PASS" start="2024-05-24T19:16:48.772194" elapsed="0.135993"/>
</kw>
<arg>${invalid_username}</arg>
<arg>${invalid_password}</arg>
<arg>${error_message}</arg>
<status status="PASS" start="2024-05-24T19:16:46.148745" elapsed="2.759669"/>
</kw>
<doc>This test case is to Validate user Login with invalid username and invalid password</doc>
<status status="PASS" start="2024-05-24T19:16:46.146838" elapsed="2.762351"/>
</test>
<test id="s1-s1-t5" name="Verify user login with lockedout user" line="28">
<kw name="Login with invalid user" owner="Resource">
<kw name="Open the Browser with URL" owner="Resource">
<kw name="Create Webdriver" owner="SeleniumLibrary">
<msg time="2024-05-24T19:16:48.913776" level="INFO">Creating an instance of the Chrome WebDriver.</msg>
<arg>${browser_name}</arg>
<arg>../Drivers/chromedriver</arg>
<doc>Creates an instance of Selenium WebDriver.</doc>
<status status="PASS" start="2024-05-24T19:16:48.913314" elapsed="0.593684"/>
</kw>
<kw name="Go To" owner="SeleniumLibrary">
<msg time="2024-05-24T19:16:49.508103" level="INFO">Opening url 'https://www.saucedemo.com/'</msg>
<arg>${base_url}</arg>
<doc>Navigates the current browser window to the provided ``url``.</doc>
<status status="PASS" start="2024-05-24T19:16:49.507664" elapsed="1.418605"/>
</kw>
<kw name="Maximize Browser Window" owner="SeleniumLibrary">
<doc>Maximizes current browser window.</doc>
<status status="PASS" start="2024-05-24T19:16:50.927053" elapsed="0.025215"/>
</kw>
<status status="PASS" start="2024-05-24T19:16:48.912700" elapsed="2.039982"/>
</kw>
<kw name="Fill the login form" owner="Resource">
<kw name="Input Text" owner="SeleniumLibrary">
<msg time="2024-05-24T19:16:50.956439" level="INFO">Typing text 'locked_out_user' into text field '//*[@id="user-name"]'.</msg>
<arg>${username_text}</arg>
<arg>${username}</arg>
<doc>Types the given ``text`` into the text field identified by ``locator``.</doc>
<status status="PASS" start="2024-05-24T19:16:50.955296" elapsed="0.141509"/>
</kw>
<kw name="Input Text" owner="SeleniumLibrary">
<msg time="2024-05-24T19:16:51.097660" level="INFO">Typing text 'secret_sauce' into text field '//*[@id="password"]'.</msg>
<arg>${password_text}</arg>
<arg>${password}</arg>
<doc>Types the given ``text`` into the text field identified by ``locator``.</doc>
<status status="PASS" start="2024-05-24T19:16:51.097118" elapsed="0.071431"/>
</kw>
<kw name="Click Button" owner="SeleniumLibrary">
<msg time="2024-05-24T19:16:51.169147" level="INFO">Clicking button '//*[@id="login-button"]'.</msg>
<arg>${login_button}</arg>
<doc>Clicks the button identified by ``locator``.</doc>
<status status="PASS" start="2024-05-24T19:16:51.168837" elapsed="0.057182"/>
</kw>
<arg>${username}</arg>
<arg>${password}</arg>
<status status="PASS" start="2024-05-24T19:16:50.953555" elapsed="0.272659"/>
</kw>
<kw name="Get Text" owner="SeleniumLibrary">
<msg time="2024-05-24T19:16:51.249521" level="INFO">${expected_error_message} = Epic sadface: Sorry, this user has been locked out.</msg>
<var>${expected_error_message}</var>
<arg>${login_error_message}</arg>
<doc>Returns the text value of the element identified by ``locator``.</doc>
<status status="PASS" start="2024-05-24T19:16:51.226452" elapsed="0.023132"/>
</kw>
<kw name="Should Be Equal As Strings" owner="BuiltIn">
<arg>${expected_error_message}</arg>
<arg>${error_message}</arg>
<doc>Fails if objects are unequal after converting them to strings.</doc>
<status status="PASS" start="2024-05-24T19:16:51.249859" elapsed="0.000370"/>
</kw>
<kw name="Close Browser Session" owner="Resource">
<kw name="Close Browser" owner="SeleniumLibrary">
<doc>Closes the current browser.</doc>
<status status="PASS" start="2024-05-24T19:16:51.250806" elapsed="0.130323"/>
</kw>
<status status="PASS" start="2024-05-24T19:16:51.250461" elapsed="0.130970"/>
</kw>
<arg>${locked_out_user}</arg>
<arg>${valid_password}</arg>
<arg>${user_locked_out_error_message}</arg>
<status status="PASS" start="2024-05-24T19:16:48.911575" elapsed="2.470024"/>
</kw>
<doc>This test case is to Validate user Login lockedout user</doc>
<status status="PASS" start="2024-05-24T19:16:48.910136" elapsed="2.472147"/>
</test>
<test id="s1-s1-t6" name="Verify user login with empty username and empty password" line="32">
<kw name="Login with invalid user" owner="Resource">
<kw name="Open the Browser with URL" owner="Resource">
<kw name="Create Webdriver" owner="SeleniumLibrary">
<msg time="2024-05-24T19:16:51.387970" level="INFO">Creating an instance of the Chrome WebDriver.</msg>
<arg>${browser_name}</arg>
<arg>../Drivers/chromedriver</arg>
<doc>Creates an instance of Selenium WebDriver.</doc>
<status status="PASS" start="2024-05-24T19:16:51.387504" elapsed="0.619151"/>
</kw>
<kw name="Go To" owner="SeleniumLibrary">
<msg time="2024-05-24T19:16:52.007849" level="INFO">Opening url 'https://www.saucedemo.com/'</msg>
<arg>${base_url}</arg>
<doc>Navigates the current browser window to the provided ``url``.</doc>
<status status="PASS" start="2024-05-24T19:16:52.007292" elapsed="3.298016"/>
</kw>
<kw name="Maximize Browser Window" owner="SeleniumLibrary">
<doc>Maximizes current browser window.</doc>
<status status="PASS" start="2024-05-24T19:16:55.305813" elapsed="0.037650"/>
</kw>
<status status="PASS" start="2024-05-24T19:16:51.386815" elapsed="3.957053"/>
</kw>
<kw name="Fill the login form" owner="Resource">
<kw name="Input Text" owner="SeleniumLibrary">
<msg time="2024-05-24T19:16:55.346629" level="INFO">Typing text '' into text field '//*[@id="user-name"]'.</msg>
<arg>${username_text}</arg>
<arg>${username}</arg>
<doc>Types the given ``text`` into the text field identified by ``locator``.</doc>
<status status="PASS" start="2024-05-24T19:16:55.345767" elapsed="0.107914"/>
</kw>
<kw name="Input Text" owner="SeleniumLibrary">
<msg time="2024-05-24T19:16:55.454492" level="INFO">Typing text '' into text field '//*[@id="password"]'.</msg>
<arg>${password_text}</arg>
<arg>${password}</arg>
<doc>Types the given ``text`` into the text field identified by ``locator``.</doc>
<status status="PASS" start="2024-05-24T19:16:55.454091" elapsed="0.060565"/>
</kw>
<kw name="Click Button" owner="SeleniumLibrary">
<msg time="2024-05-24T19:16:55.515232" level="INFO">Clicking button '//*[@id="login-button"]'.</msg>
<arg>${login_button}</arg>
<doc>Clicks the button identified by ``locator``.</doc>
<status status="PASS" start="2024-05-24T19:16:55.514935" elapsed="0.056232"/>
</kw>
<arg>${username}</arg>
<arg>${password}</arg>
<status status="PASS" start="2024-05-24T19:16:55.344444" elapsed="0.226928"/>
</kw>
<kw name="Get Text" owner="SeleniumLibrary">
<msg time="2024-05-24T19:16:55.596814" level="INFO">${expected_error_message} = Epic sadface: Username is required</msg>
<var>${expected_error_message}</var>
<arg>${login_error_message}</arg>
<doc>Returns the text value of the element identified by ``locator``.</doc>
<status status="PASS" start="2024-05-24T19:16:55.571627" elapsed="0.025257"/>
</kw>
<kw name="Should Be Equal As Strings" owner="BuiltIn">
<arg>${expected_error_message}</arg>
<arg>${error_message}</arg>
<doc>Fails if objects are unequal after converting them to strings.</doc>
<status status="PASS" start="2024-05-24T19:16:55.597146" elapsed="0.000384"/>
</kw>
<kw name="Close Browser Session" owner="Resource">
<kw name="Close Browser" owner="SeleniumLibrary">
<doc>Closes the current browser.</doc>
<status status="PASS" start="2024-05-24T19:16:55.598091" elapsed="0.118661"/>
</kw>
<status status="PASS" start="2024-05-24T19:16:55.597768" elapsed="0.119135"/>
</kw>
<arg>${empty_username}</arg>
<arg>${empty_password}</arg>
<arg>${empty_username_error_message}</arg>
<status status="PASS" start="2024-05-24T19:16:51.385177" elapsed="4.331796"/>
</kw>
<doc>This test case is to Validate user Login with empty username and empty password</doc>
<status status="PASS" start="2024-05-24T19:16:51.383222" elapsed="4.334007"/>
</test>
<doc>Tests for Login Page</doc>
<status status="PASS" start="2024-05-24T19:16:36.924250" elapsed="18.793570"/>
</suite>
<suite id="s1-s2" name="Productpage" source="/home/sagar/Downloads/testbuild/BillerAutomation/biller-connect-test/DemoProject/TestSuits/Productpage.robot">
<test id="s1-s2-t1" name="Verify product page is loading successfully and containing all web elements" line="13">
<kw name="Login with valid user" owner="Resource" type="SETUP">
<kw name="Open the Browser with URL" owner="Resource">
<kw name="Create Webdriver" owner="SeleniumLibrary">
<msg time="2024-05-24T19:16:55.755374" level="INFO">Creating an instance of the Chrome WebDriver.</msg>
<arg>${browser_name}</arg>
<arg>../Drivers/chromedriver</arg>
<doc>Creates an instance of Selenium WebDriver.</doc>
<status status="PASS" start="2024-05-24T19:16:55.755038" elapsed="0.542951"/>
</kw>
<kw name="Go To" owner="SeleniumLibrary">
<msg time="2024-05-24T19:16:56.299684" level="INFO">Opening url 'https://www.saucedemo.com/'</msg>
<arg>${base_url}</arg>
<doc>Navigates the current browser window to the provided ``url``.</doc>
<status status="PASS" start="2024-05-24T19:16:56.298994" elapsed="1.646718"/>
</kw>
<kw name="Maximize Browser Window" owner="SeleniumLibrary">
<doc>Maximizes current browser window.</doc>
<status status="PASS" start="2024-05-24T19:16:57.946823" elapsed="0.036060"/>
</kw>
<status status="PASS" start="2024-05-24T19:16:55.742459" elapsed="2.240868"/>
</kw>
<kw name="Fill the login form" owner="Resource">
<kw name="Input Text" owner="SeleniumLibrary">
<msg time="2024-05-24T19:16:57.986263" level="INFO">Typing text 'standard_user' into text field '//*[@id="user-name"]'.</msg>
<arg>${username_text}</arg>
<arg>${username}</arg>
<doc>Types the given ``text`` into the text field identified by ``locator``.</doc>
<status status="PASS" start="2024-05-24T19:16:57.985057" elapsed="0.114554"/>
</kw>
<kw name="Input Text" owner="SeleniumLibrary">
<msg time="2024-05-24T19:16:58.100255" level="INFO">Typing text 'secret_sauce' into text field '//*[@id="password"]'.</msg>
<arg>${password_text}</arg>
<arg>${password}</arg>
<doc>Types the given ``text`` into the text field identified by ``locator``.</doc>
<status status="PASS" start="2024-05-24T19:16:58.099906" elapsed="0.071527"/>
</kw>
<kw name="Click Button" owner="SeleniumLibrary">
<msg time="2024-05-24T19:16:58.172127" level="INFO">Clicking button '//*[@id="login-button"]'.</msg>
<arg>${login_button}</arg>
<doc>Clicks the button identified by ``locator``.</doc>
<status status="PASS" start="2024-05-24T19:16:58.171762" elapsed="0.071041"/>
</kw>
<arg>${valid_username}</arg>
<arg>${valid_password}</arg>
<status status="PASS" start="2024-05-24T19:16:57.983823" elapsed="0.259179"/>
</kw>
<status status="PASS" start="2024-05-24T19:16:55.742140" elapsed="2.500988"/>
</kw>
<kw name="Verify the logo" owner="Resource">
<kw name="Element Should Be Visible" owner="SeleniumLibrary">
<msg time="2024-05-24T19:16:58.309811" level="INFO">Element '//div[@id='header_container']/div/div[2]/div' is displayed.</msg>
<arg>${logo}</arg>
<doc>Verifies that the element identified by ``locator`` is visible.</doc>
<status status="PASS" start="2024-05-24T19:16:58.244238" elapsed="0.065860"/>
</kw>
<status status="PASS" start="2024-05-24T19:16:58.243630" elapsed="0.066820"/>
</kw>
<kw name="Verify the page title" owner="Resource">
<kw name="Get Text" owner="SeleniumLibrary">
<msg time="2024-05-24T19:16:58.351649" level="INFO">${actual_page_title} = Products</msg>
<var>${actual_page_title}</var>
<arg>${page_title}</arg>
<doc>Returns the text value of the element identified by ``locator``.</doc>
<status status="PASS" start="2024-05-24T19:16:58.312313" elapsed="0.039401"/>
</kw>
<kw name="Should Be Equal As Strings" owner="BuiltIn">
<arg>${actual_page_title}</arg>
<arg>${expected_page_title}</arg>
<doc>Fails if objects are unequal after converting them to strings.</doc>
<status status="PASS" start="2024-05-24T19:16:58.352006" elapsed="0.000515"/>
</kw>
<arg>${page_title}</arg>
<arg>${product_page_title}</arg>
<status status="PASS" start="2024-05-24T19:16:58.311233" elapsed="0.041478"/>
</kw>
<kw name="Verify Product count on products page" owner="Resource">
<kw name="Get Element Count" owner="SeleniumLibrary">
<msg time="2024-05-24T19:16:58.375591" level="INFO">${product_count} = 6</msg>
<var>${product_count}</var>
<arg>${item_count}</arg>
<doc>Returns the number of elements matching ``locator``.</doc>
<status status="PASS" start="2024-05-24T19:16:58.353834" elapsed="0.021863"/>
</kw>
<kw name="Should Be Equal As Numbers" owner="BuiltIn">
<msg time="2024-05-24T19:16:58.376660" level="INFO">Argument types are:
&lt;class 'int'&gt;
&lt;class 'str'&gt;</msg>
<arg>${product_count}</arg>
<arg>${total_products}</arg>
<doc>Fails if objects are unequal after converting them to real numbers.</doc>
<status status="PASS" start="2024-05-24T19:16:58.376162" elapsed="0.000657"/>
</kw>
<status status="PASS" start="2024-05-24T19:16:58.353234" elapsed="0.023770"/>
</kw>
<kw name="Verify the cart icon is present" owner="Resource">
<kw name="Element Should Be Visible" owner="SeleniumLibrary">
<msg time="2024-05-24T19:16:58.419104" level="INFO">Element '//div[@id='shopping_cart_container']/a' is displayed.</msg>
<arg>${cart_icon}</arg>
<doc>Verifies that the element identified by ``locator`` is visible.</doc>
<status status="PASS" start="2024-05-24T19:16:58.378255" elapsed="0.041093"/>
</kw>
<status status="PASS" start="2024-05-24T19:16:58.377557" elapsed="0.042035"/>
</kw>
<kw name="Verify the burger icon is present" owner="Resource">
<kw name="Element Should Be Visible" owner="SeleniumLibrary">
<msg time="2024-05-24T19:16:58.456224" level="INFO">Element '//*[@id="react-burger-menu-btn"]' is displayed.</msg>
<arg>${burger_button}</arg>
<doc>Verifies that the element identified by ``locator`` is visible.</doc>
<status status="PASS" start="2024-05-24T19:16:58.420843" elapsed="0.035619"/>
</kw>
<status status="PASS" start="2024-05-24T19:16:58.420153" elapsed="0.036615"/>
</kw>
<kw name="Close Browser Session" owner="Resource" type="TEARDOWN">
<kw name="Close Browser" owner="SeleniumLibrary">
<doc>Closes the current browser.</doc>
<status status="PASS" start="2024-05-24T19:16:58.458543" elapsed="0.134290"/>
</kw>
<status status="PASS" start="2024-05-24T19:16:58.457724" elapsed="0.135490"/>
</kw>
<status status="PASS" start="2024-05-24T19:16:55.741672" elapsed="2.851889"/>
</test>
<test id="s1-s2-t2" name="Verify product details is loading successfully and containing all web elements" line="20">
<kw name="Login with valid user" owner="Resource" type="SETUP">
<kw name="Open the Browser with URL" owner="Resource">
<kw name="Create Webdriver" owner="SeleniumLibrary">
<msg time="2024-05-24T19:16:58.598447" level="INFO">Creating an instance of the Chrome WebDriver.</msg>
<arg>${browser_name}</arg>
<arg>../Drivers/chromedriver</arg>
<doc>Creates an instance of Selenium WebDriver.</doc>
<status status="PASS" start="2024-05-24T19:16:58.597960" elapsed="0.636678"/>
</kw>
<kw name="Go To" owner="SeleniumLibrary">
<msg time="2024-05-24T19:16:59.235654" level="INFO">Opening url 'https://www.saucedemo.com/'</msg>
<arg>${base_url}</arg>
<doc>Navigates the current browser window to the provided ``url``.</doc>
<status status="PASS" start="2024-05-24T19:16:59.235244" elapsed="1.642814"/>
</kw>
<kw name="Maximize Browser Window" owner="SeleniumLibrary">
<doc>Maximizes current browser window.</doc>
<status status="PASS" start="2024-05-24T19:17:00.878782" elapsed="0.027993"/>
</kw>
<status status="PASS" start="2024-05-24T19:16:58.597287" elapsed="2.309938"/>
</kw>
<kw name="Fill the login form" owner="Resource">
<kw name="Input Text" owner="SeleniumLibrary">
<msg time="2024-05-24T19:17:00.910598" level="INFO">Typing text 'standard_user' into text field '//*[@id="user-name"]'.</msg>
<arg>${username_text}</arg>
<arg>${username}</arg>
<doc>Types the given ``text`` into the text field identified by ``locator``.</doc>
<status status="PASS" start="2024-05-24T19:17:00.909476" elapsed="0.120253"/>
</kw>
<kw name="Input Text" owner="SeleniumLibrary">
<msg time="2024-05-24T19:17:01.030510" level="INFO">Typing text 'secret_sauce' into text field '//*[@id="password"]'.</msg>
<arg>${password_text}</arg>
<arg>${password}</arg>
<doc>Types the given ``text`` into the text field identified by ``locator``.</doc>
<status status="PASS" start="2024-05-24T19:17:01.030050" elapsed="0.071203"/>
</kw>
<kw name="Click Button" owner="SeleniumLibrary">
<msg time="2024-05-24T19:17:01.101811" level="INFO">Clicking button '//*[@id="login-button"]'.</msg>
<arg>${login_button}</arg>
<doc>Clicks the button identified by ``locator``.</doc>
<status status="PASS" start="2024-05-24T19:17:01.101518" elapsed="0.070718"/>
</kw>
<arg>${valid_username}</arg>
<arg>${valid_password}</arg>
<status status="PASS" start="2024-05-24T19:17:00.907966" elapsed="0.264436"/>
</kw>
<status status="PASS" start="2024-05-24T19:16:58.596385" elapsed="2.576116"/>
</kw>
<kw name="Click on Random product name" owner="Resource">
<kw name="Get Dictionary Keys" owner="Collections">
<msg time="2024-05-24T19:17:01.174005" level="INFO">${keys} = ['Sauce Labs Backpack', 'Sauce Labs Bike Light', 'Sauce Labs Bolt T-Shirt', 'Sauce Labs Fleece Jacket', 'Sauce Labs Onesie', 'Test.allTheThings() T-Shirt (Red)']</msg>
<var>${keys}</var>
<arg>${product_name}</arg>
<doc>Returns keys of the given ``dictionary`` as a list.</doc>
<status status="PASS" start="2024-05-24T19:17:01.173613" elapsed="0.000502"/>
</kw>
<kw name="Evaluate" owner="BuiltIn">
<msg time="2024-05-24T19:17:01.175062" level="INFO">${random_value} = Sauce Labs Fleece Jacket</msg>
<var>${random_value}</var>
<arg>random.choice(${keys})</arg>
<arg>random</arg>
<doc>Evaluates the given expression in Python and returns the result.</doc>
<status status="PASS" start="2024-05-24T19:17:01.174366" elapsed="0.000766"/>
</kw>
<kw name="Set Variable" owner="BuiltIn">
<msg time="2024-05-24T19:17:01.176300" level="INFO">${item} = //div[text()='Sauce Labs Fleece Jacket']</msg>
<var>${item}</var>
<arg>//div[text()='${random_value}']</arg>
<doc>Returns the given values which can then be assigned to a variables.</doc>
<status status="PASS" start="2024-05-24T19:17:01.175759" elapsed="0.000619"/>
</kw>
<kw name="Click Element" owner="SeleniumLibrary">
<msg time="2024-05-24T19:17:01.177349" level="INFO">Clicking element '//div[text()='Sauce Labs Fleece Jacket']'.</msg>
<arg>${item}</arg>
<doc>Click the element identified by ``locator``.</doc>
<status status="PASS" start="2024-05-24T19:17:01.176741" elapsed="0.060905"/>
</kw>
<return>
<value>${item}</value>
<status status="PASS" start="2024-05-24T19:17:01.238016" elapsed="0.000268"/>
</return>
<msg time="2024-05-24T19:17:01.238932" level="INFO">${product_name} = //div[text()='Sauce Labs Fleece Jacket']</msg>
<var>${product_name}</var>
<status status="PASS" start="2024-05-24T19:17:01.173037" elapsed="0.065998"/>
</kw>
<kw name="Verify the logo" owner="Resource">
<kw name="Element Should Be Visible" owner="SeleniumLibrary">
<msg time="2024-05-24T19:17:01.279237" level="INFO">Element '//div[@id='header_container']/div/div[2]/div' is displayed.</msg>
<arg>${logo}</arg>
<doc>Verifies that the element identified by ``locator`` is visible.</doc>
<status status="PASS" start="2024-05-24T19:17:01.240832" elapsed="0.038559"/>
</kw>
<status status="PASS" start="2024-05-24T19:17:01.239840" elapsed="0.039718"/>
</kw>
<kw name="Verify the back to products button is present on the page" owner="Resource">
<kw name="Element Should Be Visible" owner="SeleniumLibrary">
<msg time="2024-05-24T19:17:01.302308" level="INFO">Element '//button[@id='back-to-products']' is displayed.</msg>
<arg>${bact_to_products_button}</arg>
<doc>Verifies that the element identified by ``locator`` is visible.</doc>
<status status="PASS" start="2024-05-24T19:17:01.280637" elapsed="0.021825"/>
</kw>
<status status="PASS" start="2024-05-24T19:17:01.279986" elapsed="0.022639"/>
</kw>
<kw name="Verify the cart icon is present" owner="Resource">
<kw name="Element Should Be Visible" owner="SeleniumLibrary">
<msg time="2024-05-24T19:17:01.322257" level="INFO">Element '//div[@id='shopping_cart_container']/a' is displayed.</msg>
<arg>${cart_icon}</arg>
<doc>Verifies that the element identified by ``locator`` is visible.</doc>
<status status="PASS" start="2024-05-24T19:17:01.303404" elapsed="0.019008"/>
</kw>
<status status="PASS" start="2024-05-24T19:17:01.302986" elapsed="0.019571"/>
</kw>
<kw name="Verify the add to cart button is present on the page" owner="Resource">
<kw name="Element Should Be Visible" owner="SeleniumLibrary">
<msg time="2024-05-24T19:17:01.339862" level="INFO">Element '//button[contains(.,'Add to cart')]' is displayed.</msg>
<arg>${add_to_cart_button}</arg>
<doc>Verifies that the element identified by ``locator`` is visible.</doc>
<status status="PASS" start="2024-05-24T19:17:01.323433" elapsed="0.016640"/>
</kw>
<status status="PASS" start="2024-05-24T19:17:01.322987" elapsed="0.017308"/>
</kw>
<kw name="Close Browser Session" owner="Resource" type="TEARDOWN">
<kw name="Close Browser" owner="SeleniumLibrary">
<doc>Closes the current browser.</doc>
<status status="PASS" start="2024-05-24T19:17:01.341500" elapsed="0.137918"/>
</kw>
<status status="PASS" start="2024-05-24T19:17:01.340921" elapsed="0.138917"/>
</kw>
<status status="PASS" start="2024-05-24T19:16:58.594775" elapsed="2.885856"/>
</test>
<test id="s1-s2-t3" name="Verify user can navigate back to product list page from product details page." line="27">
<kw name="Login with valid user" owner="Resource" type="SETUP">
<kw name="Open the Browser with URL" owner="Resource">
<kw name="Create Webdriver" owner="SeleniumLibrary">
<msg time="2024-05-24T19:17:01.485825" level="INFO">Creating an instance of the Chrome WebDriver.</msg>
<arg>${browser_name}</arg>
<arg>../Drivers/chromedriver</arg>
<doc>Creates an instance of Selenium WebDriver.</doc>
<status status="PASS" start="2024-05-24T19:17:01.485291" elapsed="0.650318"/>
</kw>
<kw name="Go To" owner="SeleniumLibrary">
<msg time="2024-05-24T19:17:02.136663" level="INFO">Opening url 'https://www.saucedemo.com/'</msg>
<arg>${base_url}</arg>
<doc>Navigates the current browser window to the provided ``url``.</doc>
<status status="PASS" start="2024-05-24T19:17:02.136229" elapsed="1.603564"/>
</kw>
<kw name="Maximize Browser Window" owner="SeleniumLibrary">
<doc>Maximizes current browser window.</doc>
<status status="PASS" start="2024-05-24T19:17:03.740608" elapsed="0.043037"/>
</kw>
<status status="PASS" start="2024-05-24T19:17:01.484587" elapsed="2.299414"/>
</kw>
<kw name="Fill the login form" owner="Resource">
<kw name="Input Text" owner="SeleniumLibrary">
<msg time="2024-05-24T19:17:03.787308" level="INFO">Typing text 'standard_user' into text field '//*[@id="user-name"]'.</msg>
<arg>${username_text}</arg>
<arg>${username}</arg>
<doc>Types the given ``text`` into the text field identified by ``locator``.</doc>
<status status="PASS" start="2024-05-24T19:17:03.786051" elapsed="0.113620"/>
</kw>
<kw name="Input Text" owner="SeleniumLibrary">
<msg time="2024-05-24T19:17:03.900329" level="INFO">Typing text 'secret_sauce' into text field '//*[@id="password"]'.</msg>
<arg>${password_text}</arg>
<arg>${password}</arg>
<doc>Types the given ``text`` into the text field identified by ``locator``.</doc>
<status status="PASS" start="2024-05-24T19:17:03.899973" elapsed="0.068600"/>
</kw>
<kw name="Click Button" owner="SeleniumLibrary">
<msg time="2024-05-24T19:17:03.969273" level="INFO">Clicking button '//*[@id="login-button"]'.</msg>
<arg>${login_button}</arg>
<doc>Clicks the button identified by ``locator``.</doc>
<status status="PASS" start="2024-05-24T19:17:03.968944" elapsed="0.073386"/>
</kw>
<arg>${valid_username}</arg>
<arg>${valid_password}</arg>
<status status="PASS" start="2024-05-24T19:17:03.784549" elapsed="0.257938"/>
</kw>
<status status="PASS" start="2024-05-24T19:17:01.483706" elapsed="2.558884"/>
</kw>
<kw name="Click on Random product name" owner="Resource">
<kw name="Get Dictionary Keys" owner="Collections">
<msg time="2024-05-24T19:17:04.043989" level="INFO">${keys} = ['Sauce Labs Backpack', 'Sauce Labs Bike Light', 'Sauce Labs Bolt T-Shirt', 'Sauce Labs Fleece Jacket', 'Sauce Labs Onesie', 'Test.allTheThings() T-Shirt (Red)']</msg>
<var>${keys}</var>
<arg>${product_name}</arg>
<doc>Returns keys of the given ``dictionary`` as a list.</doc>
<status status="PASS" start="2024-05-24T19:17:04.043605" elapsed="0.000439"/>
</kw>
<kw name="Evaluate" owner="BuiltIn">
<msg time="2024-05-24T19:17:04.044760" level="INFO">${random_value} = Sauce Labs Backpack</msg>
<var>${random_value}</var>
<arg>random.choice(${keys})</arg>
<arg>random</arg>
<doc>Evaluates the given expression in Python and returns the result.</doc>
<status status="PASS" start="2024-05-24T19:17:04.044254" elapsed="0.000555"/>
</kw>
<kw name="Set Variable" owner="BuiltIn">
<msg time="2024-05-24T19:17:04.045451" level="INFO">${item} = //div[text()='Sauce Labs Backpack']</msg>
<var>${item}</var>
<arg>//div[text()='${random_value}']</arg>
<doc>Returns the given values which can then be assigned to a variables.</doc>
<status status="PASS" start="2024-05-24T19:17:04.045070" elapsed="0.000426"/>
</kw>
<kw name="Click Element" owner="SeleniumLibrary">
<msg time="2024-05-24T19:17:04.046070" level="INFO">Clicking element '//div[text()='Sauce Labs Backpack']'.</msg>
<arg>${item}</arg>
<doc>Click the element identified by ``locator``.</doc>
<status status="PASS" start="2024-05-24T19:17:04.045726" elapsed="0.060592"/>
</kw>
<return>
<value>${item}</value>
<status status="PASS" start="2024-05-24T19:17:04.106536" elapsed="0.000145"/>
</return>
<status status="PASS" start="2024-05-24T19:17:04.043067" elapsed="0.063876"/>
</kw>
<kw name="Click on back to products button" owner="Resource">
<kw name="Click Element" owner="SeleniumLibrary">
<msg time="2024-05-24T19:17:04.108659" level="INFO">Clicking element '//button[@id='back-to-products']'.</msg>
<arg>${bact_to_products_button}</arg>
<doc>Click the element identified by ``locator``.</doc>
<status status="PASS" start="2024-05-24T19:17:04.107882" elapsed="0.045162"/>
</kw>
<status status="PASS" start="2024-05-24T19:17:04.107358" elapsed="0.045861"/>
</kw>
<kw name="Verify the page title" owner="Resource">
<kw name="Get Text" owner="SeleniumLibrary">
<msg time="2024-05-24T19:17:04.178091" level="INFO">${actual_page_title} = Products</msg>
<var>${actual_page_title}</var>
<arg>${page_title}</arg>
<doc>Returns the text value of the element identified by ``locator``.</doc>
<status status="PASS" start="2024-05-24T19:17:04.154111" elapsed="0.024059"/>
</kw>
<kw name="Should Be Equal As Strings" owner="BuiltIn">
<arg>${actual_page_title}</arg>
<arg>${expected_page_title}</arg>
<doc>Fails if objects are unequal after converting them to strings.</doc>
<status status="PASS" start="2024-05-24T19:17:04.178468" elapsed="0.000420"/>
</kw>
<arg>${page_title}</arg>
<arg>${product_page_title}</arg>
<status status="PASS" start="2024-05-24T19:17:04.153541" elapsed="0.025464"/>
</kw>
<kw name="Close Browser Session" owner="Resource" type="TEARDOWN">
<kw name="Close Browser" owner="SeleniumLibrary">
<doc>Closes the current browser.</doc>
<status status="PASS" start="2024-05-24T19:17:04.179841" elapsed="0.129361"/>
</kw>
<status status="PASS" start="2024-05-24T19:17:04.179444" elapsed="0.130085"/>
</kw>
<status status="PASS" start="2024-05-24T19:17:01.481849" elapsed="2.827956"/>
</test>
<test id="s1-s2-t4" name="Verify the Social media link facebook is redirecting to the correct location" line="32">
<kw name="Login with valid user" owner="Resource" type="SETUP">
<kw name="Open the Browser with URL" owner="Resource">
<kw name="Create Webdriver" owner="SeleniumLibrary">
<msg time="2024-05-24T19:17:04.314083" level="INFO">Creating an instance of the Chrome WebDriver.</msg>
<arg>${browser_name}</arg>
<arg>../Drivers/chromedriver</arg>
<doc>Creates an instance of Selenium WebDriver.</doc>
<status status="PASS" start="2024-05-24T19:17:04.313479" elapsed="0.617843"/>
</kw>
<kw name="Go To" owner="SeleniumLibrary">
<msg time="2024-05-24T19:17:04.932431" level="INFO">Opening url 'https://www.saucedemo.com/'</msg>
<arg>${base_url}</arg>
<doc>Navigates the current browser window to the provided ``url``.</doc>
<status status="PASS" start="2024-05-24T19:17:04.931973" elapsed="1.708953"/>
</kw>
<kw name="Maximize Browser Window" owner="SeleniumLibrary">
<doc>Maximizes current browser window.</doc>
<status status="PASS" start="2024-05-24T19:17:06.641645" elapsed="0.029580"/>
</kw>
<status status="PASS" start="2024-05-24T19:17:04.312827" elapsed="2.358769"/>
</kw>
<kw name="Fill the login form" owner="Resource">
<kw name="Input Text" owner="SeleniumLibrary">
<msg time="2024-05-24T19:17:06.674377" level="INFO">Typing text 'standard_user' into text field '//*[@id="user-name"]'.</msg>
<arg>${username_text}</arg>
<arg>${username}</arg>
<doc>Types the given ``text`` into the text field identified by ``locator``.</doc>
<status status="PASS" start="2024-05-24T19:17:06.673371" elapsed="0.119165"/>
</kw>
<kw name="Input Text" owner="SeleniumLibrary">
<msg time="2024-05-24T19:17:06.793324" level="INFO">Typing text 'secret_sauce' into text field '//*[@id="password"]'.</msg>
<arg>${password_text}</arg>
<arg>${password}</arg>
<doc>Types the given ``text`` into the text field identified by ``locator``.</doc>
<status status="PASS" start="2024-05-24T19:17:06.792898" elapsed="0.070717"/>
</kw>
<kw name="Click Button" owner="SeleniumLibrary">
<msg time="2024-05-24T19:17:06.864270" level="INFO">Clicking button '//*[@id="login-button"]'.</msg>
<arg>${login_button}</arg>
<doc>Clicks the button identified by ``locator``.</doc>
<status status="PASS" start="2024-05-24T19:17:06.863905" elapsed="0.069388"/>
</kw>
<arg>${valid_username}</arg>
<arg>${valid_password}</arg>
<status status="PASS" start="2024-05-24T19:17:06.672196" elapsed="0.261346"/>
</kw>
<status status="PASS" start="2024-05-24T19:17:04.312011" elapsed="2.621669"/>
</kw>
<kw name="Verify link is opening in the second tab" owner="Resource">
<kw name="Click Element" owner="SeleniumLibrary">
<msg time="2024-05-24T19:17:06.935585" level="INFO">Clicking element '//a[contains(text(),'Facebook')]'.</msg>
<arg>${icon}</arg>
<doc>Click the element identified by ``locator``.</doc>
<status status="PASS" start="2024-05-24T19:17:06.935156" elapsed="0.088893"/>
</kw>
<kw name="Get Window Handles" owner="SeleniumLibrary">
<msg time="2024-05-24T19:17:07.037207" level="INFO">${handles} = ['48BC41D236617ED249EB7E9BCC18C94E', 'F6626263398B56E89C12631BCC48A371']</msg>
<var>${handles}</var>
<doc>Returns all child window handles of the selected browser as a list.</doc>
<status status="PASS" start="2024-05-24T19:17:07.024948" elapsed="0.012382"/>
</kw>
<kw name="Switch Window" owner="SeleniumLibrary">
<arg>${handles}[1]</arg>
<doc>Switches to browser window matching ``locator``.</doc>
<status status="PASS" start="2024-05-24T19:17:07.037904" elapsed="0.072881"/>
</kw>
<kw name="Location Should Contain" owner="SeleniumLibrary">
<msg time="2024-05-24T19:17:08.389996" level="INFO">Current location contains 'https://www.facebook.com/saucelabs'.</msg>
<arg>${link}</arg>
<doc>Verifies that the current URL contains ``expected``.</doc>
<status status="PASS" start="2024-05-24T19:17:07.111227" elapsed="1.278926"/>
</kw>
<arg>${social_media_icon_facebook}</arg>
<arg>${social_media_link_facebook}</arg>
<status status="PASS" start="2024-05-24T19:17:06.934343" elapsed="1.455985"/>
</kw>
<kw name="Close Browser Session" owner="Resource" type="TEARDOWN">
<kw name="Close Browser" owner="SeleniumLibrary">
<doc>Closes the current browser.</doc>
<status status="PASS" start="2024-05-24T19:17:08.391294" elapsed="0.068095"/>
</kw>
<status status="PASS" start="2024-05-24T19:17:08.390847" elapsed="0.068740"/>
</kw>
<status status="PASS" start="2024-05-24T19:17:04.310817" elapsed="4.148918"/>
</test>
<test id="s1-s2-t5" name="Verify the Social media link twitter is redirecting to the correct location" line="35">
<kw name="Login with valid user" owner="Resource" type="SETUP">
<kw name="Open the Browser with URL" owner="Resource">
<kw name="Create Webdriver" owner="SeleniumLibrary">
<msg time="2024-05-24T19:17:08.461991" level="INFO">Creating an instance of the Chrome WebDriver.</msg>
<arg>${browser_name}</arg>
<arg>../Drivers/chromedriver</arg>
<doc>Creates an instance of Selenium WebDriver.</doc>
<status status="PASS" start="2024-05-24T19:17:08.461722" elapsed="0.617097"/>
</kw>
<kw name="Go To" owner="SeleniumLibrary">
<msg time="2024-05-24T19:17:09.080295" level="INFO">Opening url 'https://www.saucedemo.com/'</msg>
<arg>${base_url}</arg>
<doc>Navigates the current browser window to the provided ``url``.</doc>
<status status="PASS" start="2024-05-24T19:17:09.079730" elapsed="1.576546"/>
</kw>
<kw name="Maximize Browser Window" owner="SeleniumLibrary">
<doc>Maximizes current browser window.</doc>
<status status="PASS" start="2024-05-24T19:17:10.656860" elapsed="0.045300"/>
</kw>
<status status="PASS" start="2024-05-24T19:17:08.461205" elapsed="2.241298"/>
</kw>
<kw name="Fill the login form" owner="Resource">
<kw name="Input Text" owner="SeleniumLibrary">
<msg time="2024-05-24T19:17:10.705497" level="INFO">Typing text 'standard_user' into text field '//*[@id="user-name"]'.</msg>
<arg>${username_text}</arg>
<arg>${username}</arg>
<doc>Types the given ``text`` into the text field identified by ``locator``.</doc>
<status status="PASS" start="2024-05-24T19:17:10.704544" elapsed="0.111820"/>
</kw>
<kw name="Input Text" owner="SeleniumLibrary">
<msg time="2024-05-24T19:17:10.817486" level="INFO">Typing text 'secret_sauce' into text field '//*[@id="password"]'.</msg>
<arg>${password_text}</arg>
<arg>${password}</arg>
<doc>Types the given ``text`` into the text field identified by ``locator``.</doc>
<status status="PASS" start="2024-05-24T19:17:10.816981" elapsed="0.071135"/>
</kw>
<kw name="Click Button" owner="SeleniumLibrary">
<msg time="2024-05-24T19:17:10.888770" level="INFO">Clicking button '//*[@id="login-button"]'.</msg>
<arg>${login_button}</arg>
<doc>Clicks the button identified by ``locator``.</doc>
<status status="PASS" start="2024-05-24T19:17:10.888422" elapsed="0.067760"/>
</kw>
<arg>${valid_username}</arg>
<arg>${valid_password}</arg>
<status status="PASS" start="2024-05-24T19:17:10.703144" elapsed="0.253210"/>
</kw>
<status status="PASS" start="2024-05-24T19:17:08.460787" elapsed="2.495674"/>
</kw>
<kw name="Verify link is opening in the second tab" owner="Resource">
<kw name="Click Element" owner="SeleniumLibrary">
<msg time="2024-05-24T19:17:10.957877" level="INFO">Clicking element '//a[normalize-space()='Twitter']'.</msg>
<arg>${icon}</arg>
<doc>Click the element identified by ``locator``.</doc>
<status status="PASS" start="2024-05-24T19:17:10.957619" elapsed="0.100916"/>
</kw>
<kw name="Get Window Handles" owner="SeleniumLibrary">
<msg time="2024-05-24T19:17:11.073397" level="INFO">${handles} = ['BBB252B202F52B13F60CC36D9B57F04D', '50EF00723F27E4A5DF42F4A8C10D036B']</msg>
<var>${handles}</var>
<doc>Returns all child window handles of the selected browser as a list.</doc>
<status status="PASS" start="2024-05-24T19:17:11.059198" elapsed="0.014322"/>
</kw>
<kw name="Switch Window" owner="SeleniumLibrary">
<arg>${handles}[1]</arg>
<doc>Switches to browser window matching ``locator``.</doc>
<status status="PASS" start="2024-05-24T19:17:11.074042" elapsed="0.041078"/>
</kw>
<kw name="Location Should Contain" owner="SeleniumLibrary">
<msg time="2024-05-24T19:17:15.341784" level="INFO">Current location contains 'https://x.com/saucelabs'.</msg>
<arg>${link}</arg>
<doc>Verifies that the current URL contains ``expected``.</doc>
<status status="PASS" start="2024-05-24T19:17:11.115550" elapsed="4.226397"/>
</kw>
<arg>${social_media_icon_twitter}</arg>
<arg>${social_media_link_twitter}</arg>
<status status="PASS" start="2024-05-24T19:17:10.956996" elapsed="4.385124"/>
</kw>
<kw name="Close Browser Session" owner="Resource" type="TEARDOWN">
<kw name="Close Browser" owner="SeleniumLibrary">
<doc>Closes the current browser.</doc>
<status status="PASS" start="2024-05-24T19:17:15.343119" elapsed="0.094000"/>
</kw>
<status status="PASS" start="2024-05-24T19:17:15.342668" elapsed="0.094761"/>
</kw>
<status status="PASS" start="2024-05-24T19:17:08.460174" elapsed="6.977531"/>
</test>
<test id="s1-s2-t6" name="Verify the Social media link linkdin is redirecting to the correct location" line="38">
<kw name="Login with valid user" owner="Resource" type="SETUP">
<kw name="Open the Browser with URL" owner="Resource">
<kw name="Create Webdriver" owner="SeleniumLibrary">
<msg time="2024-05-24T19:17:15.441887" level="INFO">Creating an instance of the Chrome WebDriver.</msg>
<arg>${browser_name}</arg>
<arg>../Drivers/chromedriver</arg>
<doc>Creates an instance of Selenium WebDriver.</doc>
<status status="PASS" start="2024-05-24T19:17:15.441409" elapsed="0.638724"/>
</kw>
<kw name="Go To" owner="SeleniumLibrary">
<msg time="2024-05-24T19:17:16.081790" level="INFO">Opening url 'https://www.saucedemo.com/'</msg>
<arg>${base_url}</arg>
<doc>Navigates the current browser window to the provided ``url``.</doc>
<status status="PASS" start="2024-05-24T19:17:16.081139" elapsed="1.607892"/>
</kw>
<kw name="Maximize Browser Window" owner="SeleniumLibrary">
<doc>Maximizes current browser window.</doc>
<status status="PASS" start="2024-05-24T19:17:17.689555" elapsed="0.039424"/>
</kw>
<status status="PASS" start="2024-05-24T19:17:15.440779" elapsed="2.288645"/>
</kw>
<kw name="Fill the login form" owner="Resource">
<kw name="Input Text" owner="SeleniumLibrary">
<msg time="2024-05-24T19:17:17.732230" level="INFO">Typing text 'standard_user' into text field '//*[@id="user-name"]'.</msg>
<arg>${username_text}</arg>
<arg>${username}</arg>
<doc>Types the given ``text`` into the text field identified by ``locator``.</doc>
<status status="PASS" start="2024-05-24T19:17:17.731247" elapsed="0.112703"/>
</kw>
<kw name="Input Text" owner="SeleniumLibrary">
<msg time="2024-05-24T19:17:17.844595" level="INFO">Typing text 'secret_sauce' into text field '//*[@id="password"]'.</msg>
<arg>${password_text}</arg>
<arg>${password}</arg>
<doc>Types the given ``text`` into the text field identified by ``locator``.</doc>
<status status="PASS" start="2024-05-24T19:17:17.844241" elapsed="0.068776"/>
</kw>
<kw name="Click Button" owner="SeleniumLibrary">
<msg time="2024-05-24T19:17:17.913632" level="INFO">Clicking button '//*[@id="login-button"]'.</msg>
<arg>${login_button}</arg>
<doc>Clicks the button identified by ``locator``.</doc>
<status status="PASS" start="2024-05-24T19:17:17.913310" elapsed="0.070893"/>
</kw>
<arg>${valid_username}</arg>
<arg>${valid_password}</arg>
<status status="PASS" start="2024-05-24T19:17:17.730002" elapsed="0.254386"/>
</kw>
<status status="PASS" start="2024-05-24T19:17:15.439957" elapsed="2.544519"/>
</kw>
<kw name="Verify link is opening in the second tab" owner="Resource">
<kw name="Click Element" owner="SeleniumLibrary">
<msg time="2024-05-24T19:17:17.985823" level="INFO">Clicking element '//a[contains(text(),'LinkedIn')]'.</msg>
<arg>${icon}</arg>
<doc>Click the element identified by ``locator``.</doc>
<status status="PASS" start="2024-05-24T19:17:17.985355" elapsed="0.079312"/>
</kw>
<kw name="Get Window Handles" owner="SeleniumLibrary">
<msg time="2024-05-24T19:17:18.074011" level="INFO">${handles} = ['9877F63D4041CFBD30FD5D7224309ABE', '6DDE66AFD21BF29CB3B8A758525272BD']</msg>
<var>${handles}</var>
<doc>Returns all child window handles of the selected browser as a list.</doc>
<status status="PASS" start="2024-05-24T19:17:18.065044" elapsed="0.009076"/>
</kw>
<kw name="Switch Window" owner="SeleniumLibrary">
<arg>${handles}[1]</arg>
<doc>Switches to browser window matching ``locator``.</doc>
<status status="PASS" start="2024-05-24T19:17:18.074466" elapsed="0.050204"/>
</kw>
<kw name="Location Should Contain" owner="SeleniumLibrary">
<msg time="2024-05-24T19:17:20.159450" level="INFO">Current location contains 'https://www.linkedin.com/company/sauce-labs/'.</msg>
<arg>${link}</arg>
<doc>Verifies that the current URL contains ``expected``.</doc>
<status status="PASS" start="2024-05-24T19:17:18.125189" elapsed="2.034386"/>
</kw>
<arg>${social_media_icon_linkdin}</arg>
<arg>${social_media_link_linkdin}</arg>
<status status="PASS" start="2024-05-24T19:17:17.984856" elapsed="2.174862"/>
</kw>
<kw name="Close Browser Session" owner="Resource" type="TEARDOWN">
<kw name="Close Browser" owner="SeleniumLibrary">
<doc>Closes the current browser.</doc>
<status status="PASS" start="2024-05-24T19:17:20.160546" elapsed="0.111131"/>
</kw>
<status status="PASS" start="2024-05-24T19:17:20.160148" elapsed="0.111907"/>
</kw>
<status status="PASS" start="2024-05-24T19:17:15.438726" elapsed="4.833637"/>
</test>
<doc>Tests for Product Page</doc>
<status status="PASS" start="2024-05-24T19:16:55.718585" elapsed="24.554963"/>
</suite>
<suite id="s1-s3" name="Checkoutpage" source="/home/sagar/Downloads/testbuild/BillerAutomation/biller-connect-test/DemoProject/TestSuits/Checkoutpage.robot">
<test id="s1-s3-t1" name="Verify all web elements are present on checkout page" line="14">
<kw name="Login with valid user" owner="Resource" type="SETUP">
<kw name="Open the Browser with URL" owner="Resource">
<kw name="Create Webdriver" owner="SeleniumLibrary">
<msg time="2024-05-24T19:17:20.308105" level="INFO">Creating an instance of the Chrome WebDriver.</msg>
<arg>${browser_name}</arg>
<arg>../Drivers/chromedriver</arg>
<doc>Creates an instance of Selenium WebDriver.</doc>
<status status="PASS" start="2024-05-24T19:17:20.307535" elapsed="0.589396"/>
</kw>
<kw name="Go To" owner="SeleniumLibrary">
<msg time="2024-05-24T19:17:20.898092" level="INFO">Opening url 'https://www.saucedemo.com/'</msg>
<arg>${base_url}</arg>
<doc>Navigates the current browser window to the provided ``url``.</doc>
<status status="PASS" start="2024-05-24T19:17:20.897671" elapsed="13.841775"/>
</kw>
<kw name="Maximize Browser Window" owner="SeleniumLibrary">
<doc>Maximizes current browser window.</doc>
<status status="PASS" start="2024-05-24T19:17:34.740001" elapsed="0.037223"/>
</kw>
<status status="PASS" start="2024-05-24T19:17:20.306884" elapsed="14.470877"/>
</kw>
<kw name="Fill the login form" owner="Resource">
<kw name="Input Text" owner="SeleniumLibrary">
<msg time="2024-05-24T19:17:34.781491" level="INFO">Typing text 'standard_user' into text field '//*[@id="user-name"]'.</msg>
<arg>${username_text}</arg>
<arg>${username}</arg>
<doc>Types the given ``text`` into the text field identified by ``locator``.</doc>
<status status="PASS" start="2024-05-24T19:17:34.780309" elapsed="0.114129"/>
</kw>
<kw name="Input Text" owner="SeleniumLibrary">
<msg time="2024-05-24T19:17:34.895160" level="INFO">Typing text 'secret_sauce' into text field '//*[@id="password"]'.</msg>
<arg>${password_text}</arg>
<arg>${password}</arg>
<doc>Types the given ``text`` into the text field identified by ``locator``.</doc>
<status status="PASS" start="2024-05-24T19:17:34.894762" elapsed="0.074255"/>
</kw>
<kw name="Click Button" owner="SeleniumLibrary">
<msg time="2024-05-24T19:17:34.969620" level="INFO">Clicking button '//*[@id="login-button"]'.</msg>
<arg>${login_button}</arg>
<doc>Clicks the button identified by ``locator``.</doc>
<status status="PASS" start="2024-05-24T19:17:34.969310" elapsed="0.067529"/>
</kw>
<arg>${valid_username}</arg>
<arg>${valid_password}</arg>
<status status="PASS" start="2024-05-24T19:17:34.778692" elapsed="0.258360"/>
</kw>
<status status="PASS" start="2024-05-24T19:17:20.306222" elapsed="14.730949"/>
</kw>
<kw name="Click on Cart icon" owner="Resource">
<kw name="Click Element" owner="SeleniumLibrary">
<msg time="2024-05-24T19:17:35.038542" level="INFO">Clicking element '//div[@id='shopping_cart_container']/a'.</msg>
<arg>${cart_icon}</arg>
<doc>Click the element identified by ``locator``.</doc>
<status status="PASS" start="2024-05-24T19:17:35.038191" elapsed="0.044718"/>
</kw>
<status status="PASS" start="2024-05-24T19:17:35.037644" elapsed="0.045445"/>
</kw>
<kw name="Click on checkout button" owner="Resource">
<kw name="Click Element" owner="SeleniumLibrary">
<msg time="2024-05-24T19:17:35.084711" level="INFO">Clicking element '//button[@id='checkout']'.</msg>
<arg>${checkout_button}</arg>
<doc>Click the element identified by ``locator``.</doc>
<status status="PASS" start="2024-05-24T19:17:35.084207" elapsed="0.041034"/>
</kw>
<status status="PASS" start="2024-05-24T19:17:35.083512" elapsed="0.042002"/>
</kw>
<kw name="Verify the logo" owner="Resource">
<kw name="Element Should Be Visible" owner="SeleniumLibrary">
<msg time="2024-05-24T19:17:35.149411" level="INFO">Element '//div[@id='header_container']/div/div[2]/div' is displayed.</msg>
<arg>${logo}</arg>
<doc>Verifies that the element identified by ``locator`` is visible.</doc>
<status status="PASS" start="2024-05-24T19:17:35.126817" elapsed="0.022734"/>
</kw>
<status status="PASS" start="2024-05-24T19:17:35.126038" elapsed="0.023657"/>
</kw>
<kw name="Verify the page title" owner="Resource">
<kw name="Get Text" owner="SeleniumLibrary">
<msg time="2024-05-24T19:17:35.172597" level="INFO">${actual_page_title} = Checkout: Your Information</msg>
<var>${actual_page_title}</var>
<arg>${page_title}</arg>
<doc>Returns the text value of the element identified by ``locator``.</doc>
<status status="PASS" start="2024-05-24T19:17:35.150739" elapsed="0.021930"/>
</kw>
<kw name="Should Be Equal As Strings" owner="BuiltIn">
<arg>${actual_page_title}</arg>
<arg>${expected_page_title}</arg>
<doc>Fails if objects are unequal after converting them to strings.</doc>
<status status="PASS" start="2024-05-24T19:17:35.172972" elapsed="0.000368"/>
</kw>
<arg>${page_title}</arg>
<arg>${checkout_page_title}</arg>
<status status="PASS" start="2024-05-24T19:17:35.150127" elapsed="0.023324"/>
</kw>
<kw name="Verify checkout info form is present on checkout page" owner="Resource">
<kw name="Element Should Be Visible" owner="SeleniumLibrary">
<msg time="2024-05-24T19:17:35.193035" level="INFO">Element '//div[@id='checkout_info_container']/div/form/div' is displayed.</msg>
<arg>${check_out_form}</arg>
<doc>Verifies that the element identified by ``locator`` is visible.</doc>
<status status="PASS" start="2024-05-24T19:17:35.174103" elapsed="0.019088"/>
</kw>
<status status="PASS" start="2024-05-24T19:17:35.173761" elapsed="0.019569"/>
</kw>
<kw name="Verify Cancel button is present on checkout page" owner="Resource">
<kw name="Element Should Be Visible" owner="SeleniumLibrary">
<msg time="2024-05-24T19:17:35.209600" level="INFO">Element '//button[@id='cancel']' is displayed.</msg>
<arg>${cancel_button}</arg>
<doc>Verifies that the element identified by ``locator`` is visible.</doc>
<status status="PASS" start="2024-05-24T19:17:35.194121" elapsed="0.015616"/>
</kw>
<status status="PASS" start="2024-05-24T19:17:35.193696" elapsed="0.016182"/>
</kw>
<kw name="Verify continue button is present on checkout page" owner="Resource">
<kw name="Element Should Be Visible" owner="SeleniumLibrary">
<msg time="2024-05-24T19:17:35.226557" level="INFO">Element '//input[@id='continue']' is displayed.</msg>
<arg>${continue_button}</arg>
<doc>Verifies that the element identified by ``locator`` is visible.</doc>
<status status="PASS" start="2024-05-24T19:17:35.210748" elapsed="0.015973"/>
</kw>
<status status="PASS" start="2024-05-24T19:17:35.210221" elapsed="0.016640"/>
</kw>
<kw name="Close Browser Session" owner="Resource" type="TEARDOWN">
<kw name="Close Browser" owner="SeleniumLibrary">
<doc>Closes the current browser.</doc>
<status status="PASS" start="2024-05-24T19:17:35.227786" elapsed="0.070588"/>
</kw>
<status status="PASS" start="2024-05-24T19:17:35.227311" elapsed="0.071343"/>
</kw>
<status status="PASS" start="2024-05-24T19:17:20.305393" elapsed="14.993500"/>
</test>
<test id="s1-s3-t2" name="Verify user can redirect back to cart page from checkout page" line="23">
<kw name="Login with valid user" owner="Resource" type="SETUP">
<kw name="Open the Browser with URL" owner="Resource">
<kw name="Create Webdriver" owner="SeleniumLibrary">
<msg time="2024-05-24T19:17:35.301430" level="INFO">Creating an instance of the Chrome WebDriver.</msg>
<arg>${browser_name}</arg>
<arg>../Drivers/chromedriver</arg>
<doc>Creates an instance of Selenium WebDriver.</doc>
<status status="PASS" start="2024-05-24T19:17:35.301079" elapsed="0.626807"/>
</kw>
<kw name="Go To" owner="SeleniumLibrary">
<msg time="2024-05-24T19:17:35.929352" level="INFO">Opening url 'https://www.saucedemo.com/'</msg>
<arg>${base_url}</arg>
<doc>Navigates the current browser window to the provided ``url``.</doc>
<status status="PASS" start="2024-05-24T19:17:35.928736" elapsed="1.622961"/>
</kw>
<kw name="Maximize Browser Window" owner="SeleniumLibrary">
<doc>Maximizes current browser window.</doc>
<status status="PASS" start="2024-05-24T19:17:37.552393" elapsed="0.038403"/>
</kw>
<status status="PASS" start="2024-05-24T19:17:35.300659" elapsed="2.290658"/>
</kw>
<kw name="Fill the login form" owner="Resource">
<kw name="Input Text" owner="SeleniumLibrary">
<msg time="2024-05-24T19:17:37.594987" level="INFO">Typing text 'standard_user' into text field '//*[@id="user-name"]'.</msg>
<arg>${username_text}</arg>
<arg>${username}</arg>
<doc>Types the given ``text`` into the text field identified by ``locator``.</doc>
<status status="PASS" start="2024-05-24T19:17:37.593872" elapsed="0.118629"/>
</kw>
<kw name="Input Text" owner="SeleniumLibrary">
<msg time="2024-05-24T19:17:37.713352" level="INFO">Typing text 'secret_sauce' into text field '//*[@id="password"]'.</msg>
<arg>${password_text}</arg>
<arg>${password}</arg>
<doc>Types the given ``text`` into the text field identified by ``locator``.</doc>
<status status="PASS" start="2024-05-24T19:17:37.712912" elapsed="0.071115"/>
</kw>
<kw name="Click Button" owner="SeleniumLibrary">
<msg time="2024-05-24T19:17:37.784745" level="INFO">Clicking button '//*[@id="login-button"]'.</msg>
<arg>${login_button}</arg>
<doc>Clicks the button identified by ``locator``.</doc>
<status status="PASS" start="2024-05-24T19:17:37.784422" elapsed="0.068962"/>
</kw>
<arg>${valid_username}</arg>
<arg>${valid_password}</arg>
<status status="PASS" start="2024-05-24T19:17:37.592202" elapsed="0.261404"/>
</kw>
<status status="PASS" start="2024-05-24T19:17:35.300155" elapsed="2.553554"/>
</kw>
<kw name="Click on Cart icon" owner="Resource">
<kw name="Click Element" owner="SeleniumLibrary">
<msg time="2024-05-24T19:17:37.854839" level="INFO">Clicking element '//div[@id='shopping_cart_container']/a'.</msg>
<arg>${cart_icon}</arg>
<doc>Click the element identified by ``locator``.</doc>
<status status="PASS" start="2024-05-24T19:17:37.854587" elapsed="0.062696"/>
</kw>
<status status="PASS" start="2024-05-24T19:17:37.854181" elapsed="0.063289"/>
</kw>
<kw name="Click on checkout button" owner="Resource">
<kw name="Click Element" owner="SeleniumLibrary">
<msg time="2024-05-24T19:17:37.918502" level="INFO">Clicking element '//button[@id='checkout']'.</msg>
<arg>${checkout_button}</arg>
<doc>Click the element identified by ``locator``.</doc>
<status status="PASS" start="2024-05-24T19:17:37.918248" elapsed="0.043050"/>
</kw>
<status status="PASS" start="2024-05-24T19:17:37.917818" elapsed="0.043675"/>
</kw>
<kw name="Click on cancel button from checkout page" owner="Resource">
<kw name="Click Element" owner="SeleniumLibrary">
<msg time="2024-05-24T19:17:37.962808" level="INFO">Clicking element '//button[@id='cancel']'.</msg>
<arg>${cancel_button}</arg>
<doc>Click the element identified by ``locator``.</doc>
<status status="PASS" start="2024-05-24T19:17:37.962473" elapsed="0.042173"/>
</kw>
<status status="PASS" start="2024-05-24T19:17:37.961883" elapsed="0.042927"/>
</kw>
<kw name="Verify the page title" owner="Resource">
<kw name="Get Text" owner="SeleniumLibrary">
<msg time="2024-05-24T19:17:38.029358" level="INFO">${actual_page_title} = Your Cart</msg>
<var>${actual_page_title}</var>
<arg>${page_title}</arg>
<doc>Returns the text value of the element identified by ``locator``.</doc>
<status status="PASS" start="2024-05-24T19:17:38.005655" elapsed="0.023770"/>
</kw>
<kw name="Should Be Equal As Strings" owner="BuiltIn">
<arg>${actual_page_title}</arg>
<arg>${expected_page_title}</arg>
<doc>Fails if objects are unequal after converting them to strings.</doc>
<status status="PASS" start="2024-05-24T19:17:38.029713" elapsed="0.000378"/>
</kw>
<arg>${page_title}</arg>
<arg>${cart_page_title}</arg>
<status status="PASS" start="2024-05-24T19:17:38.005137" elapsed="0.025087"/>
</kw>
<kw name="Close Browser Session" owner="Resource" type="TEARDOWN">
<kw name="Close Browser" owner="SeleniumLibrary">
<doc>Closes the current browser.</doc>
<status status="PASS" start="2024-05-24T19:17:38.031238" elapsed="0.131796"/>
</kw>
<status status="PASS" start="2024-05-24T19:17:38.030759" elapsed="0.132597"/>
</kw>
<status status="PASS" start="2024-05-24T19:17:35.299402" elapsed="2.864236"/>
</test>
<test id="s1-s3-t3" name="Verify user can checkout and place the order" line="29">
<kw name="Login with valid user" owner="Resource" type="SETUP">
<kw name="Open the Browser with URL" owner="Resource">
<kw name="Create Webdriver" owner="SeleniumLibrary">
<msg time="2024-05-24T19:17:38.168837" level="INFO">Creating an instance of the Chrome WebDriver.</msg>
<arg>${browser_name}</arg>
<arg>../Drivers/chromedriver</arg>
<doc>Creates an instance of Selenium WebDriver.</doc>
<status status="PASS" start="2024-05-24T19:17:38.167675" elapsed="0.694571"/>
</kw>
<kw name="Go To" owner="SeleniumLibrary">
<msg time="2024-05-24T19:17:38.863325" level="INFO">Opening url 'https://www.saucedemo.com/'</msg>
<arg>${base_url}</arg>
<doc>Navigates the current browser window to the provided ``url``.</doc>
<status status="PASS" start="2024-05-24T19:17:38.862909" elapsed="2.941890"/>
</kw>
<kw name="Maximize Browser Window" owner="SeleniumLibrary">
<doc>Maximizes current browser window.</doc>
<status status="PASS" start="2024-05-24T19:17:41.805456" elapsed="0.029222"/>
</kw>
<status status="PASS" start="2024-05-24T19:17:38.166868" elapsed="3.668258"/>
</kw>
<kw name="Fill the login form" owner="Resource">
<kw name="Input Text" owner="SeleniumLibrary">
<msg time="2024-05-24T19:17:41.837842" level="INFO">Typing text 'standard_user' into text field '//*[@id="user-name"]'.</msg>
<arg>${username_text}</arg>
<arg>${username}</arg>
<doc>Types the given ``text`` into the text field identified by ``locator``.</doc>
<status status="PASS" start="2024-05-24T19:17:41.837134" elapsed="0.120231"/>
</kw>
<kw name="Input Text" owner="SeleniumLibrary">
<msg time="2024-05-24T19:17:41.958092" level="INFO">Typing text 'secret_sauce' into text field '//*[@id="password"]'.</msg>
<arg>${password_text}</arg>
<arg>${password}</arg>
<doc>Types the given ``text`` into the text field identified by ``locator``.</doc>
<status status="PASS" start="2024-05-24T19:17:41.957734" elapsed="0.068807"/>
</kw>
<kw name="Click Button" owner="SeleniumLibrary">
<msg time="2024-05-24T19:17:42.027269" level="INFO">Clicking button '//*[@id="login-button"]'.</msg>
<arg>${login_button}</arg>
<doc>Clicks the button identified by ``locator``.</doc>
<status status="PASS" start="2024-05-24T19:17:42.026897" elapsed="0.069594"/>
</kw>
<arg>${valid_username}</arg>
<arg>${valid_password}</arg>
<status status="PASS" start="2024-05-24T19:17:41.835941" elapsed="0.260712"/>
</kw>
<status status="PASS" start="2024-05-24T19:17:38.165922" elapsed="3.930833"/>
</kw>
<kw name="Click on Random add to cart button" owner="Resource">
<kw name="Get Dictionary Keys" owner="Collections">
<msg time="2024-05-24T19:17:42.097917" level="INFO">${keys} = ['Sauce Labs Backpack', 'Sauce Labs Bike Light', 'Sauce Labs Bolt T-Shirt', 'Sauce Labs Fleece Jacket', 'Sauce Labs Onesie', 'Test.allTheThings() T-Shirt (Red)']</msg>
<var>${keys}</var>
<arg>${product_name}</arg>
<doc>Returns keys of the given ``dictionary`` as a list.</doc>
<status status="PASS" start="2024-05-24T19:17:42.097648" elapsed="0.000308"/>
</kw>
<kw name="Evaluate" owner="BuiltIn">
<msg time="2024-05-24T19:17:42.098526" level="INFO">${random_value} = Sauce Labs Onesie</msg>
<var>${random_value}</var>
<arg>random.choice(${keys})</arg>
<arg>random</arg>
<doc>Evaluates the given expression in Python and returns the result.</doc>
<status status="PASS" start="2024-05-24T19:17:42.098129" elapsed="0.000438"/>
</kw>
<kw name="Get From Dictionary" owner="Collections">
<msg time="2024-05-24T19:17:42.099151" level="INFO">${xpath_name} = sauce-labs-onesie</msg>
<var>${xpath_name}</var>
<arg>${product_name}</arg>
<arg>${random_value}</arg>
<doc>Returns a value from the given ``dictionary`` based on the given ``key``.</doc>
<status status="PASS" start="2024-05-24T19:17:42.098805" elapsed="0.000393"/>
</kw>
<kw name="Set Variable" owner="BuiltIn">
<msg time="2024-05-24T19:17:42.099773" level="INFO">${item} = //button[@id='add-to-cart-sauce-labs-onesie']</msg>
<var>${item}</var>
<arg>//button[@id='add-to-cart-${xpath_name}']</arg>
<doc>Returns the given values which can then be assigned to a variables.</doc>
<status status="PASS" start="2024-05-24T19:17:42.099439" elapsed="0.000375"/>
</kw>
<kw name="Click Element" owner="SeleniumLibrary">
<msg time="2024-05-24T19:17:42.100371" level="INFO">Clicking element '//button[@id='add-to-cart-sauce-labs-onesie']'.</msg>
<arg>${item}</arg>
<doc>Click the element identified by ``locator``.</doc>
<status status="PASS" start="2024-05-24T19:17:42.100036" elapsed="0.057522"/>
</kw>
<status status="PASS" start="2024-05-24T19:17:42.097232" elapsed="0.060535"/>
</kw>
<kw name="Click on Cart icon" owner="Resource">
<kw name="Click Element" owner="SeleniumLibrary">
<msg time="2024-05-24T19:17:42.159126" level="INFO">Clicking element '//div[@id='shopping_cart_container']/a'.</msg>
<arg>${cart_icon}</arg>
<doc>Click the element identified by ``locator``.</doc>
<status status="PASS" start="2024-05-24T19:17:42.158806" elapsed="0.043601"/>
</kw>
<status status="PASS" start="2024-05-24T19:17:42.158204" elapsed="0.044490"/>
</kw>
<kw name="Verify cart item is present on the cart page" owner="Resource">
<kw name="Element Should Be Visible" owner="SeleniumLibrary">
<msg time="2024-05-24T19:17:42.226275" level="INFO">Element '//div[@id='cart_contents_container']/div/div/div[3]' is displayed.</msg>
<arg>${cart_item}</arg>
<doc>Verifies that the element identified by ``locator`` is visible.</doc>
<status status="PASS" start="2024-05-24T19:17:42.203634" elapsed="0.022779"/>
</kw>
<status status="PASS" start="2024-05-24T19:17:42.203068" elapsed="0.023489"/>
</kw>
<kw name="Click on checkout button" owner="Resource">
<kw name="Click Element" owner="SeleniumLibrary">
<msg time="2024-05-24T19:17:42.227735" level="INFO">Clicking element '//button[@id='checkout']'.</msg>
<arg>${checkout_button}</arg>
<doc>Click the element identified by ``locator``.</doc>
<status status="PASS" start="2024-05-24T19:17:42.227455" elapsed="0.043358"/>
</kw>
<status status="PASS" start="2024-05-24T19:17:42.226989" elapsed="0.044092"/>
</kw>
<kw name="Fill the checkout form" owner="Resource">
<kw name="Input Text" owner="SeleniumLibrary">
<msg time="2024-05-24T19:17:42.272661" level="INFO">Typing text 'Sagar' into text field '//input[@id='first-name']'.</msg>
<arg>${first_name}</arg>
<arg>${first_name_checkout_page}</arg>
<doc>Types the given ``text`` into the text field identified by ``locator``.</doc>
<status status="PASS" start="2024-05-24T19:17:42.272178" elapsed="0.081313"/>
</kw>
<kw name="Input Text" owner="SeleniumLibrary">
<msg time="2024-05-24T19:17:42.354143" level="INFO">Typing text 'Pandit' into text field '//input[@id='last-name']'.</msg>
<arg>${last_name}</arg>
<arg>${last_name_checkout_page}</arg>
<doc>Types the given ``text`` into the text field identified by ``locator``.</doc>
<status status="PASS" start="2024-05-24T19:17:42.353783" elapsed="0.073907"/>
</kw>
<kw name="Input Text" owner="SeleniumLibrary">
<msg time="2024-05-24T19:17:42.428373" level="INFO">Typing text '416101' into text field '//input[@id='postal-code']'.</msg>
<arg>${zipcode}</arg>
<arg>${zipcode_checkout_page}</arg>
<doc>Types the given ``text`` into the text field identified by ``locator``.</doc>
<status status="PASS" start="2024-05-24T19:17:42.428013" elapsed="0.061599"/>
</kw>
<status status="PASS" start="2024-05-24T19:17:42.271572" elapsed="0.218219"/>
</kw>
<kw name="Click on continue button from check out page" owner="Resource">
<kw name="Click Element" owner="SeleniumLibrary">
<msg time="2024-05-24T19:17:42.490998" level="INFO">Clicking element '//input[@id='continue']'.</msg>
<arg>${continue_button}</arg>
<doc>Click the element identified by ``locator``.</doc>
<status status="PASS" start="2024-05-24T19:17:42.490678" elapsed="0.045381"/>
</kw>
<status status="PASS" start="2024-05-24T19:17:42.490129" elapsed="0.046125"/>
</kw>
<kw name="Verify the page title" owner="Resource">
<kw name="Get Text" owner="SeleniumLibrary">
<msg time="2024-05-24T19:17:42.560530" level="INFO">${actual_page_title} = Checkout: Overview</msg>
<var>${actual_page_title}</var>
<arg>${page_title}</arg>
<doc>Returns the text value of the element identified by ``locator``.</doc>
<status status="PASS" start="2024-05-24T19:17:42.537329" elapsed="0.023266"/>
</kw>
<kw name="Should Be Equal As Strings" owner="BuiltIn">
<arg>${actual_page_title}</arg>
<arg>${expected_page_title}</arg>
<doc>Fails if objects are unequal after converting them to strings.</doc>
<status status="PASS" start="2024-05-24T19:17:42.560901" elapsed="0.000368"/>
</kw>
<arg>${page_title}</arg>
<arg>${check_out_overview_page_title}</arg>
<status status="PASS" start="2024-05-24T19:17:42.536711" elapsed="0.024671"/>
</kw>
<kw name="Verify checkout item is present on the checkout page" owner="Resource">
<kw name="Element Should Be Visible" owner="SeleniumLibrary">
<msg time="2024-05-24T19:17:42.581645" level="INFO">Element '//div[@id='checkout_summary_container']/div/div/div[3]' is displayed.</msg>
<arg>${check_out_item}</arg>
<doc>Verifies that the element identified by ``locator`` is visible.</doc>
<status status="PASS" start="2024-05-24T19:17:42.562111" elapsed="0.019671"/>
</kw>
<status status="PASS" start="2024-05-24T19:17:42.561737" elapsed="0.020185"/>
</kw>
<kw name="Click on Finish button" owner="Resource">
<kw name="Click Element" owner="SeleniumLibrary">
<msg time="2024-05-24T19:17:42.583111" level="INFO">Clicking element '//button[@id='finish']'.</msg>
<arg>${finish_button}</arg>
<doc>Click the element identified by ``locator``.</doc>
<status status="PASS" start="2024-05-24T19:17:42.582812" elapsed="0.040970"/>
</kw>
<status status="PASS" start="2024-05-24T19:17:42.582346" elapsed="0.041682"/>
</kw>
<kw name="Verify order placed successfully" owner="Resource">
<kw name="Get Text" owner="SeleniumLibrary">
<msg time="2024-05-24T19:17:42.643187" level="INFO">${actual_message} = Thank you for your order!</msg>
<var>${actual_message}</var>
<arg>${thanks_msg}</arg>
<doc>Returns the text value of the element identified by ``locator``.</doc>
<status status="PASS" start="2024-05-24T19:17:42.625173" elapsed="0.018075"/>
</kw>
<kw name="Should Be Equal As Strings" owner="BuiltIn">
<arg>${actual_message}</arg>
<arg>${order_success_message}</arg>
<doc>Fails if objects are unequal after converting them to strings.</doc>
<status status="PASS" start="2024-05-24T19:17:42.643594" elapsed="0.000523"/>
</kw>
<status status="PASS" start="2024-05-24T19:17:42.624540" elapsed="0.019761"/>
</kw>
<kw name="Close Browser Session" owner="Resource" type="TEARDOWN">
<kw name="Close Browser" owner="SeleniumLibrary">
<doc>Closes the current browser.</doc>
<status status="PASS" start="2024-05-24T19:17:42.645449" elapsed="0.133335"/>
</kw>
<status status="PASS" start="2024-05-24T19:17:42.644867" elapsed="0.134250"/>
</kw>
<status status="PASS" start="2024-05-24T19:17:38.164663" elapsed="4.614740"/>
</test>
<doc>Tests for Checkout Page</doc>
<status status="PASS" start="2024-05-24T19:17:20.275353" elapsed="22.505219"/>
</suite>
<suite id="s1-s4" name="Cartpage" source="/home/sagar/Downloads/testbuild/BillerAutomation/biller-connect-test/DemoProject/TestSuits/Cartpage.robot">
[...]
<var>${xpath_name}</var>
<arg>${product_name}</arg>
<arg>${product}</arg>
<doc>Returns a value from the given ``dictionary`` based on the given ``key``.</doc>
<status status="PASS" start="2024-05-24T19:18:30.601109" elapsed="0.000259"/>
</kw>
<kw name="Set Variable" owner="BuiltIn">
<msg time="2024-05-24T19:18:30.601716" level="INFO">${add_item} = //button[@id='add-to-cart-test.allthethings()-t-shirt-(red)']</msg>
<var>${add_item}</var>
<arg>//button[@id='add-to-cart-${xpath_name}']</arg>
<doc>Returns the given values which can then be assigned to a variables.</doc>
<status status="PASS" start="2024-05-24T19:18:30.601512" elapsed="0.000234"/>
</kw>
<kw name="Click Element" owner="SeleniumLibrary">
<msg time="2024-05-24T19:18:30.602073" level="INFO">Clicking element '//button[@id='add-to-cart-test.allthethings()-t-shirt-(red)']'.</msg>
<arg>${add_item}</arg>
<doc>Click the element identified by ``locator``.</doc>
<status status="PASS" start="2024-05-24T19:18:30.601878" elapsed="0.034740"/>
</kw>
<var name="${item}">['Sauce Labs Bolt T-Shirt', 'Sauce Labs Onesie', 'Test.allTheThings() T-Shirt (Red)', 'Sauce Labs Fleece Jacket', 'Sauce Labs Backpack', 'Sauce Labs Bike Light']</var>
<status status="PASS" start="2024-05-24T19:18:30.600443" elapsed="0.036316"/>
</iter>
<var>${item}</var>
<value>${random_values}</value>
<status status="PASS" start="2024-05-24T19:18:30.600251" elapsed="0.036670"/>
</for>
<var name="${index}">2</var>
<status status="PASS" start="2024-05-24T19:18:30.600188" elapsed="0.036828"/>
</iter>
<iter>
<for flavor="IN">
<iter>
<kw name="Get From List" owner="Collections">
<msg time="2024-05-24T19:18:30.638292" level="INFO">${product} = Sauce Labs Fleece Jacket</msg>
<var>${product}</var>
<arg>${item}</arg>
<arg>${index}</arg>
<doc>Returns the value specified with an ``index`` from ``list``.</doc>
<status status="PASS" start="2024-05-24T19:18:30.637816" elapsed="0.000533"/>
</kw>
<kw name="Get From Dictionary" owner="Collections">
<msg time="2024-05-24T19:18:30.638873" level="INFO">${xpath_name} = sauce-labs-fleece-jacket</msg>
<var>${xpath_name}</var>
<arg>${product_name}</arg>
<arg>${product}</arg>
<doc>Returns a value from the given ``dictionary`` based on the given ``key``.</doc>
<status status="PASS" start="2024-05-24T19:18:30.638606" elapsed="0.000297"/>
</kw>
<kw name="Set Variable" owner="BuiltIn">
<msg time="2024-05-24T19:18:30.639291" level="INFO">${add_item} = //button[@id='add-to-cart-sauce-labs-fleece-jacket']</msg>
<var>${add_item}</var>
<arg>//button[@id='add-to-cart-${xpath_name}']</arg>
<doc>Returns the given values which can then be assigned to a variables.</doc>
<status status="PASS" start="2024-05-24T19:18:30.639070" elapsed="0.000249"/>
</kw>
<kw name="Click Element" owner="SeleniumLibrary">
<msg time="2024-05-24T19:18:30.639680" level="INFO">Clicking element '//button[@id='add-to-cart-sauce-labs-fleece-jacket']'.</msg>
<arg>${add_item}</arg>
<doc>Click the element identified by ``locator``.</doc>
<status status="PASS" start="2024-05-24T19:18:30.639464" elapsed="0.033729"/>
</kw>
<var name="${item}">['Sauce Labs Bolt T-Shirt', 'Sauce Labs Onesie', 'Test.allTheThings() T-Shirt (Red)', 'Sauce Labs Fleece Jacket', 'Sauce Labs Backpack', 'Sauce Labs Bike Light']</var>
<status status="PASS" start="2024-05-24T19:18:30.637565" elapsed="0.035753"/>
</iter>
<var>${item}</var>
<value>${random_values}</value>
<status status="PASS" start="2024-05-24T19:18:30.637372" elapsed="0.036011"/>
</for>
<var name="${index}">3</var>
<status status="PASS" start="2024-05-24T19:18:30.637306" elapsed="0.036136"/>
</iter>
<iter>
<for flavor="IN">
<iter>
<kw name="Get From List" owner="Collections">
<msg time="2024-05-24T19:18:30.674426" level="INFO">${product} = Sauce Labs Backpack</msg>
<var>${product}</var>
<arg>${item}</arg>
<arg>${index}</arg>
<doc>Returns the value specified with an ``index`` from ``list``.</doc>
<status status="PASS" start="2024-05-24T19:18:30.674148" elapsed="0.000314"/>
</kw>
<kw name="Get From Dictionary" owner="Collections">
<msg time="2024-05-24T19:18:30.675009" level="INFO">${xpath_name} = sauce-labs-backpack</msg>
<var>${xpath_name}</var>
<arg>${product_name}</arg>
<arg>${product}</arg>
<doc>Returns a value from the given ``dictionary`` based on the given ``key``.</doc>
<status status="PASS" start="2024-05-24T19:18:30.674691" elapsed="0.000352"/>
</kw>
<kw name="Set Variable" owner="BuiltIn">
<msg time="2024-05-24T19:18:30.675447" level="INFO">${add_item} = //button[@id='add-to-cart-sauce-labs-backpack']</msg>
<var>${add_item}</var>
<arg>//button[@id='add-to-cart-${xpath_name}']</arg>
<doc>Returns the given values which can then be assigned to a variables.</doc>
<status status="PASS" start="2024-05-24T19:18:30.675198" elapsed="0.000279"/>
</kw>
<kw name="Click Element" owner="SeleniumLibrary">
<msg time="2024-05-24T19:18:30.675848" level="INFO">Clicking element '//button[@id='add-to-cart-sauce-labs-backpack']'.</msg>
<arg>${add_item}</arg>
<doc>Click the element identified by ``locator``.</doc>
<status status="PASS" start="2024-05-24T19:18:30.675627" elapsed="0.033442"/>
</kw>
<var name="${item}">['Sauce Labs Bolt T-Shirt', 'Sauce Labs Onesie', 'Test.allTheThings() T-Shirt (Red)', 'Sauce Labs Fleece Jacket', 'Sauce Labs Backpack', 'Sauce Labs Bike Light']</var>
<status status="PASS" start="2024-05-24T19:18:30.673966" elapsed="0.035239"/>
</iter>
<var>${item}</var>
<value>${random_values}</value>
<status status="PASS" start="2024-05-24T19:18:30.673763" elapsed="0.035524"/>
</for>
<var name="${index}">4</var>
<status status="PASS" start="2024-05-24T19:18:30.673692" elapsed="0.035657"/>
</iter>
<iter>
<for flavor="IN">
<iter>
<kw name="Get From List" owner="Collections">
<msg time="2024-05-24T19:18:30.710285" level="INFO">${product} = Sauce Labs Bike Light</msg>
<var>${product}</var>
<arg>${item}</arg>
<arg>${index}</arg>
<doc>Returns the value specified with an ``index`` from ``list``.</doc>
<status status="PASS" start="2024-05-24T19:18:30.709996" elapsed="0.000325"/>
</kw>
<kw name="Get From Dictionary" owner="Collections">
<msg time="2024-05-24T19:18:30.710735" level="INFO">${xpath_name} = sauce-labs-bike-light</msg>
<var>${xpath_name}</var>
<arg>${product_name}</arg>
<arg>${product}</arg>
<doc>Returns a value from the given ``dictionary`` based on the given ``key``.</doc>
<status status="PASS" start="2024-05-24T19:18:30.710490" elapsed="0.000275"/>
</kw>
<kw name="Set Variable" owner="BuiltIn">
<msg time="2024-05-24T19:18:30.711108" level="INFO">${add_item} = //button[@id='add-to-cart-sauce-labs-bike-light']</msg>
<var>${add_item}</var>
<arg>//button[@id='add-to-cart-${xpath_name}']</arg>
<doc>Returns the given values which can then be assigned to a variables.</doc>
<status status="PASS" start="2024-05-24T19:18:30.710912" elapsed="0.000223"/>
</kw>
<kw name="Click Element" owner="SeleniumLibrary">
<msg time="2024-05-24T19:18:30.711648" level="INFO">Clicking element '//button[@id='add-to-cart-sauce-labs-bike-light']'.</msg>
<arg>${add_item}</arg>
<doc>Click the element identified by ``locator``.</doc>
<status status="PASS" start="2024-05-24T19:18:30.711272" elapsed="0.033307"/>
</kw>
<var name="${item}">['Sauce Labs Bolt T-Shirt', 'Sauce Labs Onesie', 'Test.allTheThings() T-Shirt (Red)', 'Sauce Labs Fleece Jacket', 'Sauce Labs Backpack', 'Sauce Labs Bike Light']</var>
<status status="PASS" start="2024-05-24T19:18:30.709809" elapsed="0.034914"/>
</iter>
<var>${item}</var>
<value>${random_values}</value>
<status status="PASS" start="2024-05-24T19:18:30.709625" elapsed="0.035168"/>
</for>
<var name="${index}">5</var>
<status status="PASS" start="2024-05-24T19:18:30.709563" elapsed="0.035293"/>
</iter>
<var>${index}</var>
<value>0</value>
<value>${random_number}</value>
<status status="PASS" start="2024-05-24T19:18:30.526409" elapsed="0.218492"/>
</for>
<return>
<value>${random_values}</value>
<status status="PASS" start="2024-05-24T19:18:30.744997" elapsed="0.000086"/>
</return>
<status status="PASS" start="2024-05-24T19:18:30.380599" elapsed="0.364708"/>
</kw>
<kw name="Click on Cart icon" owner="Resource">
<kw name="Click Element" owner="SeleniumLibrary">
<msg time="2024-05-24T19:18:30.746236" level="INFO">Clicking element '//div[@id='shopping_cart_container']/a'.</msg>
<arg>${cart_icon}</arg>
<doc>Click the element identified by ``locator``.</doc>
<status status="PASS" start="2024-05-24T19:18:30.745978" elapsed="0.049618"/>
</kw>
<status status="PASS" start="2024-05-24T19:18:30.745576" elapsed="0.050184"/>
</kw>
<kw name="Get Element Count" owner="SeleniumLibrary">
<msg time="2024-05-24T19:18:30.806810" level="INFO">${remove_buttons} = 6</msg>
<var>${remove_buttons}</var>
<arg>${remove_button}</arg>
<doc>Returns the number of elements matching ``locator``.</doc>
<status status="PASS" start="2024-05-24T19:18:30.795968" elapsed="0.010915"/>
</kw>
<kw name="Get WebElements" owner="SeleniumLibrary">
<msg time="2024-05-24T19:18:30.813686" level="INFO">${web_elements} = [&lt;selenium.webdriver.remote.webelement.WebElement (session="3211d62b4f19390923e5d6e6dbc54a8a", element="f.02830E7B2B09F35CD1CF0346D79FF285.d.FE53FDE2958871A0F2ED03DF5B5092D0.e.46")&gt;, &lt;selenium.webdriv...</msg>
<var>${web_elements}</var>
<arg>${remove_button}</arg>
<doc>Returns a list of WebElement objects matching the ``locator``.</doc>
<status status="PASS" start="2024-05-24T19:18:30.807206" elapsed="0.006551"/>
</kw>
<for flavor="IN RANGE">
<iter>
<for flavor="IN">
<iter>
<kw name="Get From List" owner="Collections">
<msg time="2024-05-24T19:18:30.815193" level="INFO">${product} = &lt;selenium.webdriver.remote.webelement.WebElement (session="3211d62b4f19390923e5d6e6dbc54a8a", element="f.02830E7B2B09F35CD1CF0346D79FF285.d.FE53FDE2958871A0F2ED03DF5B5092D0.e.46")&gt;</msg>
<var>${product}</var>
<arg>${item}</arg>
<arg>${index}</arg>
<doc>Returns the value specified with an ``index`` from ``list``.</doc>
<status status="PASS" start="2024-05-24T19:18:30.814907" elapsed="0.000324"/>
</kw>
<kw name="Click Element" owner="SeleniumLibrary">
<msg time="2024-05-24T19:18:30.815643" level="INFO">Clicking element '//button[contains(.,'Remove')]'.</msg>
<arg>${remove_button}</arg>
<doc>Click the element identified by ``locator``.</doc>
<status status="PASS" start="2024-05-24T19:18:30.815407" elapsed="0.040569"/>
</kw>
<var name="${item}">[&lt;selenium.webdriver.remote.webelement.WebElement (session="3211d62b4f19390923e5d6e6dbc54a8a", element="f.02830E7B2B09F35CD1CF0346D79FF285.d.FE53FDE2958871A0F2ED03DF5B5092D0.e.46")&gt;, &lt;selenium.webdriv...</var>
<status status="PASS" start="2024-05-24T19:18:30.814718" elapsed="0.041397"/>
</iter>
<var>${item}</var>
<value>${web_elements}</value>
<status status="PASS" start="2024-05-24T19:18:30.814453" elapsed="0.041734"/>
</for>
<var name="${index}">0</var>
<status status="PASS" start="2024-05-24T19:18:30.814385" elapsed="0.041864"/>
</iter>
<iter>
<for flavor="IN">
<iter>
<kw name="Get From List" owner="Collections">
<msg time="2024-05-24T19:18:30.857264" level="INFO">${product} = &lt;selenium.webdriver.remote.webelement.WebElement (session="3211d62b4f19390923e5d6e6dbc54a8a", element="f.02830E7B2B09F35CD1CF0346D79FF285.d.FE53FDE2958871A0F2ED03DF5B5092D0.e.47")&gt;</msg>
<var>${product}</var>
<arg>${item}</arg>
<arg>${index}</arg>
<doc>Returns the value specified with an ``index`` from ``list``.</doc>
<status status="PASS" start="2024-05-24T19:18:30.856933" elapsed="0.000393"/>
</kw>
<kw name="Click Element" owner="SeleniumLibrary">
<msg time="2024-05-24T19:18:30.857876" level="INFO">Clicking element '//button[contains(.,'Remove')]'.</msg>
<arg>${remove_button}</arg>
<doc>Click the element identified by ``locator``.</doc>
<status status="PASS" start="2024-05-24T19:18:30.857530" elapsed="0.029368"/>
</kw>
<var name="${item}">[&lt;selenium.webdriver.remote.webelement.WebElement (session="3211d62b4f19390923e5d6e6dbc54a8a", element="f.02830E7B2B09F35CD1CF0346D79FF285.d.FE53FDE2958871A0F2ED03DF5B5092D0.e.46")&gt;, &lt;selenium.webdriv...</var>
<status status="PASS" start="2024-05-24T19:18:30.856723" elapsed="0.030306"/>
</iter>
<var>${item}</var>
<value>${web_elements}</value>
<status status="PASS" start="2024-05-24T19:18:30.856526" elapsed="0.030573"/>
</for>
<var name="${index}">1</var>
<status status="PASS" start="2024-05-24T19:18:30.856465" elapsed="0.030695"/>
</iter>
<iter>
<for flavor="IN">
<iter>
<kw name="Get From List" owner="Collections">
<msg time="2024-05-24T19:18:30.888197" level="INFO">${product} = &lt;selenium.webdriver.remote.webelement.WebElement (session="3211d62b4f19390923e5d6e6dbc54a8a", element="f.02830E7B2B09F35CD1CF0346D79FF285.d.FE53FDE2958871A0F2ED03DF5B5092D0.e.48")&gt;</msg>
<var>${product}</var>
<arg>${item}</arg>
<arg>${index}</arg>
<doc>Returns the value specified with an ``index`` from ``list``.</doc>
<status status="PASS" start="2024-05-24T19:18:30.887873" elapsed="0.000366"/>
</kw>
<kw name="Click Element" owner="SeleniumLibrary">
<msg time="2024-05-24T19:18:30.888701" level="INFO">Clicking element '//button[contains(.,'Remove')]'.</msg>
<arg>${remove_button}</arg>
<doc>Click the element identified by ``locator``.</doc>
<status status="PASS" start="2024-05-24T19:18:30.888445" elapsed="0.029014"/>
</kw>
<var name="${item}">[&lt;selenium.webdriver.remote.webelement.WebElement (session="3211d62b4f19390923e5d6e6dbc54a8a", element="f.02830E7B2B09F35CD1CF0346D79FF285.d.FE53FDE2958871A0F2ED03DF5B5092D0.e.46")&gt;, &lt;selenium.webdriv...</var>
<status status="PASS" start="2024-05-24T19:18:30.887687" elapsed="0.029893"/>
</iter>
<var>${item}</var>
<value>${web_elements}</value>
<status status="PASS" start="2024-05-24T19:18:30.887442" elapsed="0.030202"/>
</for>
<var name="${index}">2</var>
<status status="PASS" start="2024-05-24T19:18:30.887383" elapsed="0.030316"/>
</iter>
<iter>
<for flavor="IN">
<iter>
<kw name="Get From List" owner="Collections">
<msg time="2024-05-24T19:18:30.918656" level="INFO">${product} = &lt;selenium.webdriver.remote.webelement.WebElement (session="3211d62b4f19390923e5d6e6dbc54a8a", element="f.02830E7B2B09F35CD1CF0346D79FF285.d.FE53FDE2958871A0F2ED03DF5B5092D0.e.49")&gt;</msg>
<var>${product}</var>
<arg>${item}</arg>
<arg>${index}</arg>
<doc>Returns the value specified with an ``index`` from ``list``.</doc>
<status status="PASS" start="2024-05-24T19:18:30.918323" elapsed="0.000386"/>
</kw>
<kw name="Click Element" owner="SeleniumLibrary">
<msg time="2024-05-24T19:18:30.919192" level="INFO">Clicking element '//button[contains(.,'Remove')]'.</msg>
<arg>${remove_button}</arg>
<doc>Click the element identified by ``locator``.</doc>
<status status="PASS" start="2024-05-24T19:18:30.918928" elapsed="0.027386"/>
</kw>
<var name="${item}">[&lt;selenium.webdriver.remote.webelement.WebElement (session="3211d62b4f19390923e5d6e6dbc54a8a", element="f.02830E7B2B09F35CD1CF0346D79FF285.d.FE53FDE2958871A0F2ED03DF5B5092D0.e.46")&gt;, &lt;selenium.webdriv...</var>
<status status="PASS" start="2024-05-24T19:18:30.918139" elapsed="0.028328"/>
</iter>
<var>${item}</var>
<value>${web_elements}</value>
<status status="PASS" start="2024-05-24T19:18:30.917947" elapsed="0.028617"/>
</for>
<var name="${index}">3</var>
<status status="PASS" start="2024-05-24T19:18:30.917892" elapsed="0.028776"/>
</iter>
<iter>
<for flavor="IN">
<iter>
<kw name="Get From List" owner="Collections">
<msg time="2024-05-24T19:18:30.948260" level="INFO">${product} = &lt;selenium.webdriver.remote.webelement.WebElement (session="3211d62b4f19390923e5d6e6dbc54a8a", element="f.02830E7B2B09F35CD1CF0346D79FF285.d.FE53FDE2958871A0F2ED03DF5B5092D0.e.50")&gt;</msg>
<var>${product}</var>
<arg>${item}</arg>
<arg>${index}</arg>
<doc>Returns the value specified with an ``index`` from ``list``.</doc>
<status status="PASS" start="2024-05-24T19:18:30.947803" elapsed="0.000516"/>
</kw>
<kw name="Click Element" owner="SeleniumLibrary">
<msg time="2024-05-24T19:18:30.948932" level="INFO">Clicking element '//button[contains(.,'Remove')]'.</msg>
<arg>${remove_button}</arg>
<doc>Click the element identified by ``locator``.</doc>
<status status="PASS" start="2024-05-24T19:18:30.948595" elapsed="0.028955"/>
</kw>
<var name="${item}">[&lt;selenium.webdriver.remote.webelement.WebElement (session="3211d62b4f19390923e5d6e6dbc54a8a", element="f.02830E7B2B09F35CD1CF0346D79FF285.d.FE53FDE2958871A0F2ED03DF5B5092D0.e.46")&gt;, &lt;selenium.webdriv...</var>
<status status="PASS" start="2024-05-24T19:18:30.947524" elapsed="0.030210"/>
</iter>
<var>${item}</var>
<value>${web_elements}</value>
<status status="PASS" start="2024-05-24T19:18:30.947192" elapsed="0.030636"/>
</for>
<var name="${index}">4</var>
<status status="PASS" start="2024-05-24T19:18:30.947070" elapsed="0.030821"/>
</iter>
<iter>
<for flavor="IN">
<iter>
<kw name="Get From List" owner="Collections">
<msg time="2024-05-24T19:18:30.978932" level="INFO">${product} = &lt;selenium.webdriver.remote.webelement.WebElement (session="3211d62b4f19390923e5d6e6dbc54a8a", element="f.02830E7B2B09F35CD1CF0346D79FF285.d.FE53FDE2958871A0F2ED03DF5B5092D0.e.51")&gt;</msg>
<var>${product}</var>
<arg>${item}</arg>
<arg>${index}</arg>
<doc>Returns the value specified with an ``index`` from ``list``.</doc>
<status status="PASS" start="2024-05-24T19:18:30.978548" elapsed="0.000428"/>
</kw>
<kw name="Click Element" owner="SeleniumLibrary">
<msg time="2024-05-24T19:18:30.979466" level="INFO">Clicking element '//button[contains(.,'Remove')]'.</msg>
<arg>${remove_button}</arg>
<doc>Click the element identified by ``locator``.</doc>
<status status="PASS" start="2024-05-24T19:18:30.979179" elapsed="0.029098"/>
</kw>
<var name="${item}">[&lt;selenium.webdriver.remote.webelement.WebElement (session="3211d62b4f19390923e5d6e6dbc54a8a", element="f.02830E7B2B09F35CD1CF0346D79FF285.d.FE53FDE2958871A0F2ED03DF5B5092D0.e.46")&gt;, &lt;selenium.webdriv...</var>
<status status="PASS" start="2024-05-24T19:18:30.978362" elapsed="0.030159"/>
</iter>
<var>${item}</var>
<value>${web_elements}</value>
<status status="PASS" start="2024-05-24T19:18:30.978166" elapsed="0.030442"/>
</for>
<var name="${index}">5</var>
<status status="PASS" start="2024-05-24T19:18:30.978104" elapsed="0.030563"/>
</iter>
<var>${index}</var>
<value>0</value>
<value>${remove_buttons}</value>
<status status="PASS" start="2024-05-24T19:18:30.814008" elapsed="0.194701"/>
</for>
<status status="PASS" start="2024-05-24T19:18:30.379922" elapsed="0.628915"/>
</kw>
<kw name="Close Browser Session" owner="Resource" type="TEARDOWN">
<kw name="Close Browser" owner="SeleniumLibrary">
<doc>Closes the current browser.</doc>
<status status="PASS" start="2024-05-24T19:18:31.009798" elapsed="0.087933"/>
</kw>
<status status="PASS" start="2024-05-24T19:18:31.009315" elapsed="0.088742"/>
</kw>
<status status="PASS" start="2024-05-24T19:18:27.717395" elapsed="3.380904"/>
</test>
<doc>Tests for Cart Page</doc>
<status status="PASS" start="2024-05-24T19:17:42.781929" elapsed="48.317417"/>
</suite>
<status status="PASS" start="2024-05-24T19:16:36.906293" elapsed="114.194902"/>
</suite>
<statistics>
<total>
<stat pass="24" fail="0" skip="0">All Tests</stat>
</total>
<tag>
</tag>
<suite>
<stat pass="24" fail="0" skip="0" id="s1" name="Loginpage &amp; Productpage &amp; Checkoutpage &amp; Cartpage">Loginpage &amp; Productpage &amp; Checkoutpage &amp; Cartpage</stat>
<stat pass="6" fail="0" skip="0" id="s1-s1" name="Loginpage">Loginpage &amp; Productpage &amp; Checkoutpage &amp; Cartpage.Loginpage</stat>
<stat pass="6" fail="0" skip="0" id="s1-s2" name="Productpage">Loginpage &amp; Productpage &amp; Checkoutpage &amp; Cartpage.Productpage</stat>
<stat pass="3" fail="0" skip="0" id="s1-s3" name="Checkoutpage">Loginpage &amp; Productpage &amp; Checkoutpage &amp; Cartpage.Checkoutpage</stat>
<stat pass="9" fail="0" skip="0" id="s1-s4" name="Cartpage">Loginpage &amp; Productpage &amp; Checkoutpage &amp; Cartpage.Cartpage</stat>
</suite>
</statistics>
<errors>
</errors>
</robot>
